node:internal/modules/cjs/loader:1210
  throw err;
  ^

Error: Cannot find module 'dotenv'
Require stack:
- /home/cplh69c3835/public_html/way/node-service/server.js
- /usr/local/lsws/fcgi-bin/lsnode.js
    at Module._resolveFilename (node:internal/modules/cjs/loader:1207:15)
    at Module._load (node:internal/modules/cjs/loader:1038:27)
    at Module.require (node:internal/modules/cjs/loader:1289:19)
    at require (node:internal/modules/helpers:182:18)
    at Object.<anonymous> (/home/cplh69c3835/public_html/way/node-service/server.js:1:1)
    at Module._compile (node:internal/modules/cjs/loader:1521:14)
    at Module._extensions..js (node:internal/modules/cjs/loader:1623:10)
    at Module.load (node:internal/modules/cjs/loader:1266:32)
    at Module._load (node:internal/modules/cjs/loader:1091:12)
    at Module.require (node:internal/modules/cjs/loader:1289:19) {
  code: 'MODULE_NOT_FOUND',
  requireStack: [
    '/home/cplh69c3835/public_html/way/node-service/server.js',
    '/usr/local/lsws/fcgi-bin/lsnode.js'
  ]
}

Node.js v20.20.2
Failed to decrypt message with any known session...
Session error:Error: Bad MAC Error: Bad MAC
    at Object.verifyMAC (/home/cplh69c3835/nodevenv/public_html/way/node-service/20/lib/node_modules/libsignal/src/crypto.js:87:15)
    at SessionCipher.doDecryptWhisperMessage (/home/cplh69c3835/nodevenv/public_html/way/node-service/20/lib/node_modules/libsignal/src/session_cipher.js:250:16)
    at process.processTicksAndRejections (node:internal/process/task_queues:95:5)
    at async SessionCipher.decryptWithSessions (/home/cplh69c3835/nodevenv/public_html/way/node-service/20/lib/node_modules/libsignal/src/session_cipher.js:147:29)
    at async 61212612141310.0 [as awaitable] (/home/cplh69c3835/nodevenv/public_html/way/node-service/20/lib/node_modules/libsignal/src/session_cipher.js:171:28)
    at async _asyncQueueExecutor (/home/cplh69c3835/nodevenv/public_html/way/node-service/20/lib/node_modules/libsignal/src/queue_job.js:20:29)
Failed to decrypt message with any known session...
Session error:Error: Bad MAC Error: Bad MAC
    at Object.verifyMAC (/home/cplh69c3835/nodevenv/public_html/way/node-service/20/lib/node_modules/libsignal/src/crypto.js:87:15)
    at SessionCipher.doDecryptWhisperMessage (/home/cplh69c3835/nodevenv/public_html/way/node-service/20/lib/node_modules/libsignal/src/session_cipher.js:250:16)
    at process.processTicksAndRejections (node:internal/process/task_queues:95:5)
    at async SessionCipher.decryptWithSessions (/home/cplh69c3835/nodevenv/public_html/way/node-service/20/lib/node_modules/libsignal/src/session_cipher.js:147:29)
    at async 61212612141310.0 [as awaitable] (/home/cplh69c3835/nodevenv/public_html/way/node-service/20/lib/node_modules/libsignal/src/session_cipher.js:171:28)
    at async _asyncQueueExecutor (/home/cplh69c3835/nodevenv/public_html/way/node-service/20/lib/node_modules/libsignal/src/queue_job.js:20:29)
Failed to decrypt message with any known session...
Session error:Error: Bad MAC Error: Bad MAC
    at Object.verifyMAC (/home/cplh69c3835/nodevenv/public_html/way/node-service/20/lib/node_modules/libsignal/src/crypto.js:87:15)
    at SessionCipher.doDecryptWhisperMessage (/home/cplh69c3835/nodevenv/public_html/way/node-service/20/lib/node_modules/libsignal/src/session_cipher.js:250:16)
    at process.processTicksAndRejections (node:internal/process/task_queues:95:5)
    at async SessionCipher.decryptWithSessions (/home/cplh69c3835/nodevenv/public_html/way/node-service/20/lib/node_modules/libsignal/src/session_cipher.js:147:29)
    at async 61212612141310.0 [as awaitable] (/home/cplh69c3835/nodevenv/public_html/way/node-service/20/lib/node_modules/libsignal/src/session_cipher.js:171:28)
    at async _asyncQueueExecutor (/home/cplh69c3835/nodevenv/public_html/way/node-service/20/lib/node_modules/libsignal/src/queue_job.js:20:29)
Closing open session in favor of incoming prekey bundle
Failed to decrypt message with any known session...
Session error:Error: Bad MAC Error: Bad MAC
    at Object.verifyMAC (/home/cplh69c3835/nodevenv/public_html/way/node-service/20/lib/node_modules/libsignal/src/crypto.js:87:15)
    at SessionCipher.doDecryptWhisperMessage (/home/cplh69c3835/nodevenv/public_html/way/node-service/20/lib/node_modules/libsignal/src/session_cipher.js:250:16)
    at process.processTicksAndRejections (node:internal/process/task_queues:95:5)
    at async SessionCipher.decryptWithSessions (/home/cplh69c3835/nodevenv/public_html/way/node-service/20/lib/node_modules/libsignal/src/session_cipher.js:147:29)
    at async 61212612141310.0 [as awaitable] (/home/cplh69c3835/nodevenv/public_html/way/node-service/20/lib/node_modules/libsignal/src/session_cipher.js:171:28)
    at async _asyncQueueExecutor (/home/cplh69c3835/nodevenv/public_html/way/node-service/20/lib/node_modules/libsignal/src/queue_job.js:20:29)
Session error:Error: Bad MAC Error: Bad MAC
    at Object.verifyMAC (/home/cplh69c3835/nodevenv/public_html/way/node-service/20/lib/node_modules/libsignal/src/crypto.js:87:15)
    at SessionCipher.doDecryptWhisperMessage (/home/cplh69c3835/nodevenv/public_html/way/node-service/20/lib/node_modules/libsignal/src/session_cipher.js:250:16)
    at process.processTicksAndRejections (node:internal/process/task_queues:95:5)
    at async SessionCipher.decryptWithSessions (/home/cplh69c3835/nodevenv/public_html/way/node-service/20/lib/node_modules/libsignal/src/session_cipher.js:147:29)
    at async 61212612141310.0 [as awaitable] (/home/cplh69c3835/nodevenv/public_html/way/node-service/20/lib/node_modules/libsignal/src/session_cipher.js:171:28)
    at async _asyncQueueExecutor (/home/cplh69c3835/nodevenv/public_html/way/node-service/20/lib/node_modules/libsignal/src/queue_job.js:20:29)
Closing open session in favor of incoming prekey bundle
Failed to decrypt message with any known session...
Session error:Error: Bad MAC Error: Bad MAC
    at Object.verifyMAC (/home/cplh69c3835/nodevenv/public_html/way/node-service/20/lib/node_modules/libsignal/src/crypto.js:87:15)
    at SessionCipher.doDecryptWhisperMessage (/home/cplh69c3835/nodevenv/public_html/way/node-service/20/lib/node_modules/libsignal/src/session_cipher.js:250:16)
    at process.processTicksAndRejections (node:internal/process/task_queues:95:5)
    at async SessionCipher.decryptWithSessions (/home/cplh69c3835/nodevenv/public_html/way/node-service/20/lib/node_modules/libsignal/src/session_cipher.js:147:29)
    at async 61212612141310.0 [as awaitable] (/home/cplh69c3835/nodevenv/public_html/way/node-service/20/lib/node_modules/libsignal/src/session_cipher.js:171:28)
    at async _asyncQueueExecutor (/home/cplh69c3835/nodevenv/public_html/way/node-service/20/lib/node_modules/libsignal/src/queue_job.js:20:29)
Session error:Error: Bad MAC Error: Bad MAC
    at Object.verifyMAC (/home/cplh69c3835/nodevenv/public_html/way/node-service/20/lib/node_modules/libsignal/src/crypto.js:87:15)
    at SessionCipher.doDecryptWhisperMessage (/home/cplh69c3835/nodevenv/public_html/way/node-service/20/lib/node_modules/libsignal/src/session_cipher.js:250:16)
    at process.processTicksAndRejections (node:internal/process/task_queues:95:5)
    at async SessionCipher.decryptWithSessions (/home/cplh69c3835/nodevenv/public_html/way/node-service/20/lib/node_modules/libsignal/src/session_cipher.js:147:29)
    at async 61212612141310.0 [as awaitable] (/home/cplh69c3835/nodevenv/public_html/way/node-service/20/lib/node_modules/libsignal/src/session_cipher.js:171:28)
    at async _asyncQueueExecutor (/home/cplh69c3835/nodevenv/public_html/way/node-service/20/lib/node_modules/libsignal/src/queue_job.js:20:29)
Session error:Error: Bad MAC Error: Bad MAC
    at Object.verifyMAC (/home/cplh69c3835/nodevenv/public_html/way/node-service/20/lib/node_modules/libsignal/src/crypto.js:87:15)
    at SessionCipher.doDecryptWhisperMessage (/home/cplh69c3835/nodevenv/public_html/way/node-service/20/lib/node_modules/libsignal/src/session_cipher.js:250:16)
    at process.processTicksAndRejections (node:internal/process/task_queues:95:5)
    at async SessionCipher.decryptWithSessions (/home/cplh69c3835/nodevenv/public_html/way/node-service/20/lib/node_modules/libsignal/src/session_cipher.js:147:29)
    at async 61212612141310.0 [as awaitable] (/home/cplh69c3835/nodevenv/public_html/way/node-service/20/lib/node_modules/libsignal/src/session_cipher.js:171:28)
    at async _asyncQueueExecutor (/home/cplh69c3835/nodevenv/public_html/way/node-service/20/lib/node_modules/libsignal/src/queue_job.js:20:29)
Failed to decrypt message with any known session...
Session error:Error: Bad MAC Error: Bad MAC
    at Object.verifyMAC (/home/cplh69c3835/nodevenv/public_html/way/node-service/20/lib/node_modules/libsignal/src/crypto.js:87:15)
    at SessionCipher.doDecryptWhisperMessage (/home/cplh69c3835/nodevenv/public_html/way/node-service/20/lib/node_modules/libsignal/src/session_cipher.js:250:16)
    at process.processTicksAndRejections (node:internal/process/task_queues:95:5)
    at async SessionCipher.decryptWithSessions (/home/cplh69c3835/nodevenv/public_html/way/node-service/20/lib/node_modules/libsignal/src/session_cipher.js:147:29)
    at async 61212612141310.0 [as awaitable] (/home/cplh69c3835/nodevenv/public_html/way/node-service/20/lib/node_modules/libsignal/src/session_cipher.js:171:28)
    at async _asyncQueueExecutor (/home/cplh69c3835/nodevenv/public_html/way/node-service/20/lib/node_modules/libsignal/src/queue_job.js:20:29)
Session error:Error: Bad MAC Error: Bad MAC
    at Object.verifyMAC (/home/cplh69c3835/nodevenv/public_html/way/node-service/20/lib/node_modules/libsignal/src/crypto.js:87:15)
    at SessionCipher.doDecryptWhisperMessage (/home/cplh69c3835/nodevenv/public_html/way/node-service/20/lib/node_modules/libsignal/src/session_cipher.js:250:16)
    at process.processTicksAndRejections (node:internal/process/task_queues:95:5)
    at async SessionCipher.decryptWithSessions (/home/cplh69c3835/nodevenv/public_html/way/node-service/20/lib/node_modules/libsignal/src/session_cipher.js:147:29)
    at async 61212612141310.0 [as awaitable] (/home/cplh69c3835/nodevenv/public_html/way/node-service/20/lib/node_modules/libsignal/src/session_cipher.js:171:28)
    at async _asyncQueueExecutor (/home/cplh69c3835/nodevenv/public_html/way/node-service/20/lib/node_modules/libsignal/src/queue_job.js:20:29)
Session error:Error: Bad MAC Error: Bad MAC
    at Object.verifyMAC (/home/cplh69c3835/nodevenv/public_html/way/node-service/20/lib/node_modules/libsignal/src/crypto.js:87:15)
    at SessionCipher.doDecryptWhisperMessage (/home/cplh69c3835/nodevenv/public_html/way/node-service/20/lib/node_modules/libsignal/src/session_cipher.js:250:16)
    at process.processTicksAndRejections (node:internal/process/task_queues:95:5)
    at async SessionCipher.decryptWithSessions (/home/cplh69c3835/nodevenv/public_html/way/node-service/20/lib/node_modules/libsignal/src/session_cipher.js:147:29)
    at async 61212612141310.0 [as awaitable] (/home/cplh69c3835/nodevenv/public_html/way/node-service/20/lib/node_modules/libsignal/src/session_cipher.js:171:28)
    at async _asyncQueueExecutor (/home/cplh69c3835/nodevenv/public_html/way/node-service/20/lib/node_modules/libsignal/src/queue_job.js:20:29)
Closing open session in favor of incoming prekey bundle
Failed to decrypt message with any known session...
Session error:Error: Bad MAC Error: Bad MAC
    at Object.verifyMAC (/home/cplh69c3835/nodevenv/public_html/way/node-service/20/lib/node_modules/libsignal/src/crypto.js:87:15)
    at SessionCipher.doDecryptWhisperMessage (/home/cplh69c3835/nodevenv/public_html/way/node-service/20/lib/node_modules/libsignal/src/session_cipher.js:250:16)
    at process.processTicksAndRejections (node:internal/process/task_queues:95:5)
    at async SessionCipher.decryptWithSessions (/home/cplh69c3835/nodevenv/public_html/way/node-service/20/lib/node_modules/libsignal/src/session_cipher.js:147:29)
    at async 61212612141310.0 [as awaitable] (/home/cplh69c3835/nodevenv/public_html/way/node-service/20/lib/node_modules/libsignal/src/session_cipher.js:171:28)
    at async _asyncQueueExecutor (/home/cplh69c3835/nodevenv/public_html/way/node-service/20/lib/node_modules/libsignal/src/queue_job.js:20:29)
Session error:Error: Bad MAC Error: Bad MAC
    at Object.verifyMAC (/home/cplh69c3835/nodevenv/public_html/way/node-service/20/lib/node_modules/libsignal/src/crypto.js:87:15)
    at SessionCipher.doDecryptWhisperMessage (/home/cplh69c3835/nodevenv/public_html/way/node-service/20/lib/node_modules/libsignal/src/session_cipher.js:250:16)
    at process.processTicksAndRejections (node:internal/process/task_queues:95:5)
    at async SessionCipher.decryptWithSessions (/home/cplh69c3835/nodevenv/public_html/way/node-service/20/lib/node_modules/libsignal/src/session_cipher.js:147:29)
    at async 61212612141310.0 [as awaitable] (/home/cplh69c3835/nodevenv/public_html/way/node-service/20/lib/node_modules/libsignal/src/session_cipher.js:171:28)
    at async _asyncQueueExecutor (/home/cplh69c3835/nodevenv/public_html/way/node-service/20/lib/node_modules/libsignal/src/queue_job.js:20:29)
Session error:Error: Bad MAC Error: Bad MAC
    at Object.verifyMAC (/home/cplh69c3835/nodevenv/public_html/way/node-service/20/lib/node_modules/libsignal/src/crypto.js:87:15)
    at SessionCipher.doDecryptWhisperMessage (/home/cplh69c3835/nodevenv/public_html/way/node-service/20/lib/node_modules/libsignal/src/session_cipher.js:250:16)
    at process.processTicksAndRejections (node:internal/process/task_queues:95:5)
    at async SessionCipher.decryptWithSessions (/home/cplh69c3835/nodevenv/public_html/way/node-service/20/lib/node_modules/libsignal/src/session_cipher.js:147:29)
    at async 61212612141310.0 [as awaitable] (/home/cplh69c3835/nodevenv/public_html/way/node-service/20/lib/node_modules/libsignal/src/session_cipher.js:171:28)
    at async _asyncQueueExecutor (/home/cplh69c3835/nodevenv/public_html/way/node-service/20/lib/node_modules/libsignal/src/queue_job.js:20:29)
Session error:Error: Bad MAC Error: Bad MAC
    at Object.verifyMAC (/home/cplh69c3835/nodevenv/public_html/way/node-service/20/lib/node_modules/libsignal/src/crypto.js:87:15)
    at SessionCipher.doDecryptWhisperMessage (/home/cplh69c3835/nodevenv/public_html/way/node-service/20/lib/node_modules/libsignal/src/session_cipher.js:250:16)
    at process.processTicksAndRejections (node:internal/process/task_queues:95:5)
    at async SessionCipher.decryptWithSessions (/home/cplh69c3835/nodevenv/public_html/way/node-service/20/lib/node_modules/libsignal/src/session_cipher.js:147:29)
    at async 61212612141310.0 [as awaitable] (/home/cplh69c3835/nodevenv/public_html/way/node-service/20/lib/node_modules/libsignal/src/session_cipher.js:171:28)
    at async _asyncQueueExecutor (/home/cplh69c3835/nodevenv/public_html/way/node-service/20/lib/node_modules/libsignal/src/queue_job.js:20:29)
Failed to decrypt message with any known session...
Session error:Error: Bad MAC Error: Bad MAC
    at Object.verifyMAC (/home/cplh69c3835/nodevenv/public_html/way/node-service/20/lib/node_modules/libsignal/src/crypto.js:87:15)
    at SessionCipher.doDecryptWhisperMessage (/home/cplh69c3835/nodevenv/public_html/way/node-service/20/lib/node_modules/libsignal/src/session_cipher.js:250:16)
    at process.processTicksAndRejections (node:internal/process/task_queues:95:5)
    at async SessionCipher.decryptWithSessions (/home/cplh69c3835/nodevenv/public_html/way/node-service/20/lib/node_modules/libsignal/src/session_cipher.js:147:29)
    at async 61212612141310.0 [as awaitable] (/home/cplh69c3835/nodevenv/public_html/way/node-service/20/lib/node_modules/libsignal/src/session_cipher.js:171:28)
    at async _asyncQueueExecutor (/home/cplh69c3835/nodevenv/public_html/way/node-service/20/lib/node_modules/libsignal/src/queue_job.js:20:29)
Session error:Error: Bad MAC Error: Bad MAC
    at Object.verifyMAC (/home/cplh69c3835/nodevenv/public_html/way/node-service/20/lib/node_modules/libsignal/src/crypto.js:87:15)
    at SessionCipher.doDecryptWhisperMessage (/home/cplh69c3835/nodevenv/public_html/way/node-service/20/lib/node_modules/libsignal/src/session_cipher.js:250:16)
    at process.processTicksAndRejections (node:internal/process/task_queues:95:5)
    at async SessionCipher.decryptWithSessions (/home/cplh69c3835/nodevenv/public_html/way/node-service/20/lib/node_modules/libsignal/src/session_cipher.js:147:29)
    at async 61212612141310.0 [as awaitable] (/home/cplh69c3835/nodevenv/public_html/way/node-service/20/lib/node_modules/libsignal/src/session_cipher.js:171:28)
    at async _asyncQueueExecutor (/home/cplh69c3835/nodevenv/public_html/way/node-service/20/lib/node_modules/libsignal/src/queue_job.js:20:29)
Session error:Error: Bad MAC Error: Bad MAC
    at Object.verifyMAC (/home/cplh69c3835/nodevenv/public_html/way/node-service/20/lib/node_modules/libsignal/src/crypto.js:87:15)
    at SessionCipher.doDecryptWhisperMessage (/home/cplh69c3835/nodevenv/public_html/way/node-service/20/lib/node_modules/libsignal/src/session_cipher.js:250:16)
    at process.processTicksAndRejections (node:internal/process/task_queues:95:5)
    at async SessionCipher.decryptWithSessions (/home/cplh69c3835/nodevenv/public_html/way/node-service/20/lib/node_modules/libsignal/src/session_cipher.js:147:29)
    at async 61212612141310.0 [as awaitable] (/home/cplh69c3835/nodevenv/public_html/way/node-service/20/lib/node_modules/libsignal/src/session_cipher.js:171:28)
    at async _asyncQueueExecutor (/home/cplh69c3835/nodevenv/public_html/way/node-service/20/lib/node_modules/libsignal/src/queue_job.js:20:29)
Session error:Error: Bad MAC Error: Bad MAC
    at Object.verifyMAC (/home/cplh69c3835/nodevenv/public_html/way/node-service/20/lib/node_modules/libsignal/src/crypto.js:87:15)
    at SessionCipher.doDecryptWhisperMessage (/home/cplh69c3835/nodevenv/public_html/way/node-service/20/lib/node_modules/libsignal/src/session_cipher.js:250:16)
    at process.processTicksAndRejections (node:internal/process/task_queues:95:5)
    at async SessionCipher.decryptWithSessions (/home/cplh69c3835/nodevenv/public_html/way/node-service/20/lib/node_modules/libsignal/src/session_cipher.js:147:29)
    at async 61212612141310.0 [as awaitable] (/home/cplh69c3835/nodevenv/public_html/way/node-service/20/lib/node_modules/libsignal/src/session_cipher.js:171:28)
    at async _asyncQueueExecutor (/home/cplh69c3835/nodevenv/public_html/way/node-service/20/lib/node_modules/libsignal/src/queue_job.js:20:29)
Failed to decrypt message with any known session...
Session error:Error: Bad MAC Error: Bad MAC
    at Object.verifyMAC (/home/cplh69c3835/nodevenv/public_html/way/node-service/20/lib/node_modules/libsignal/src/crypto.js:87:15)
    at SessionCipher.doDecryptWhisperMessage (/home/cplh69c3835/nodevenv/public_html/way/node-service/20/lib/node_modules/libsignal/src/session_cipher.js:250:16)
    at process.processTicksAndRejections (node:internal/process/task_queues:95:5)
    at async SessionCipher.decryptWithSessions (/home/cplh69c3835/nodevenv/public_html/way/node-service/20/lib/node_modules/libsignal/src/session_cipher.js:147:29)
    at async 61212612141310.0 [as awaitable] (/home/cplh69c3835/nodevenv/public_html/way/node-service/20/lib/node_modules/libsignal/src/session_cipher.js:171:28)
    at async _asyncQueueExecutor (/home/cplh69c3835/nodevenv/public_html/way/node-service/20/lib/node_modules/libsignal/src/queue_job.js:20:29)
Session error:Error: Bad MAC Error: Bad MAC
    at Object.verifyMAC (/home/cplh69c3835/nodevenv/public_html/way/node-service/20/lib/node_modules/libsignal/src/crypto.js:87:15)
    at SessionCipher.doDecryptWhisperMessage (/home/cplh69c3835/nodevenv/public_html/way/node-service/20/lib/node_modules/libsignal/src/session_cipher.js:250:16)
    at process.processTicksAndRejections (node:internal/process/task_queues:95:5)
    at async SessionCipher.decryptWithSessions (/home/cplh69c3835/nodevenv/public_html/way/node-service/20/lib/node_modules/libsignal/src/session_cipher.js:147:29)
    at async 61212612141310.0 [as awaitable] (/home/cplh69c3835/nodevenv/public_html/way/node-service/20/lib/node_modules/libsignal/src/session_cipher.js:171:28)
    at async _asyncQueueExecutor (/home/cplh69c3835/nodevenv/public_html/way/node-service/20/lib/node_modules/libsignal/src/queue_job.js:20:29)
Session error:Error: Bad MAC Error: Bad MAC
    at Object.verifyMAC (/home/cplh69c3835/nodevenv/public_html/way/node-service/20/lib/node_modules/libsignal/src/crypto.js:87:15)
    at SessionCipher.doDecryptWhisperMessage (/home/cplh69c3835/nodevenv/public_html/way/node-service/20/lib/node_modules/libsignal/src/session_cipher.js:250:16)
    at process.processTicksAndRejections (node:internal/process/task_queues:95:5)
    at async SessionCipher.decryptWithSessions (/home/cplh69c3835/nodevenv/public_html/way/node-service/20/lib/node_modules/libsignal/src/session_cipher.js:147:29)
    at async 61212612141310.0 [as awaitable] (/home/cplh69c3835/nodevenv/public_html/way/node-service/20/lib/node_modules/libsignal/src/session_cipher.js:171:28)
    at async _asyncQueueExecutor (/home/cplh69c3835/nodevenv/public_html/way/node-service/20/lib/node_modules/libsignal/src/queue_job.js:20:29)
Session error:Error: Bad MAC Error: Bad MAC
    at Object.verifyMAC (/home/cplh69c3835/nodevenv/public_html/way/node-service/20/lib/node_modules/libsignal/src/crypto.js:87:15)
    at SessionCipher.doDecryptWhisperMessage (/home/cplh69c3835/nodevenv/public_html/way/node-service/20/lib/node_modules/libsignal/src/session_cipher.js:250:16)
    at process.processTicksAndRejections (node:internal/process/task_queues:95:5)
    at async SessionCipher.decryptWithSessions (/home/cplh69c3835/nodevenv/public_html/way/node-service/20/lib/node_modules/libsignal/src/session_cipher.js:147:29)
    at async 61212612141310.0 [as awaitable] (/home/cplh69c3835/nodevenv/public_html/way/node-service/20/lib/node_modules/libsignal/src/session_cipher.js:171:28)
    at async _asyncQueueExecutor (/home/cplh69c3835/nodevenv/public_html/way/node-service/20/lib/node_modules/libsignal/src/queue_job.js:20:29)
Failed to decrypt message with any known session...
Session error:Error: Bad MAC Error: Bad MAC
    at Object.verifyMAC (/home/cplh69c3835/nodevenv/public_html/way/node-service/20/lib/node_modules/libsignal/src/crypto.js:87:15)
    at SessionCipher.doDecryptWhisperMessage (/home/cplh69c3835/nodevenv/public_html/way/node-service/20/lib/node_modules/libsignal/src/session_cipher.js:250:16)
    at process.processTicksAndRejections (node:internal/process/task_queues:95:5)
    at async SessionCipher.decryptWithSessions (/home/cplh69c3835/nodevenv/public_html/way/node-service/20/lib/node_modules/libsignal/src/session_cipher.js:147:29)
    at async 61212612141310.0 [as awaitable] (/home/cplh69c3835/nodevenv/public_html/way/node-service/20/lib/node_modules/libsignal/src/session_cipher.js:171:28)
    at async _asyncQueueExecutor (/home/cplh69c3835/nodevenv/public_html/way/node-service/20/lib/node_modules/libsignal/src/queue_job.js:20:29)
Session error:Error: Bad MAC Error: Bad MAC
    at Object.verifyMAC (/home/cplh69c3835/nodevenv/public_html/way/node-service/20/lib/node_modules/libsignal/src/crypto.js:87:15)
    at SessionCipher.doDecryptWhisperMessage (/home/cplh69c3835/nodevenv/public_html/way/node-service/20/lib/node_modules/libsignal/src/session_cipher.js:250:16)
    at process.processTicksAndRejections (node:internal/process/task_queues:95:5)
    at async SessionCipher.decryptWithSessions (/home/cplh69c3835/nodevenv/public_html/way/node-service/20/lib/node_modules/libsignal/src/session_cipher.js:147:29)
    at async 61212612141310.0 [as awaitable] (/home/cplh69c3835/nodevenv/public_html/way/node-service/20/lib/node_modules/libsignal/src/session_cipher.js:171:28)
    at async _asyncQueueExecutor (/home/cplh69c3835/nodevenv/public_html/way/node-service/20/lib/node_modules/libsignal/src/queue_job.js:20:29)
Session error:Error: Bad MAC Error: Bad MAC
    at Object.verifyMAC (/home/cplh69c3835/nodevenv/public_html/way/node-service/20/lib/node_modules/libsignal/src/crypto.js:87:15)
    at SessionCipher.doDecryptWhisperMessage (/home/cplh69c3835/nodevenv/public_html/way/node-service/20/lib/node_modules/libsignal/src/session_cipher.js:250:16)
    at process.processTicksAndRejections (node:internal/process/task_queues:95:5)
    at async SessionCipher.decryptWithSessions (/home/cplh69c3835/nodevenv/public_html/way/node-service/20/lib/node_modules/libsignal/src/session_cipher.js:147:29)
    at async 61212612141310.0 [as awaitable] (/home/cplh69c3835/nodevenv/public_html/way/node-service/20/lib/node_modules/libsignal/src/session_cipher.js:171:28)
    at async _asyncQueueExecutor (/home/cplh69c3835/nodevenv/public_html/way/node-service/20/lib/node_modules/libsignal/src/queue_job.js:20:29)
Session error:Error: Bad MAC Error: Bad MAC
    at Object.verifyMAC (/home/cplh69c3835/nodevenv/public_html/way/node-service/20/lib/node_modules/libsignal/src/crypto.js:87:15)
    at SessionCipher.doDecryptWhisperMessage (/home/cplh69c3835/nodevenv/public_html/way/node-service/20/lib/node_modules/libsignal/src/session_cipher.js:250:16)
    at process.processTicksAndRejections (node:internal/process/task_queues:95:5)
    at async SessionCipher.decryptWithSessions (/home/cplh69c3835/nodevenv/public_html/way/node-service/20/lib/node_modules/libsignal/src/session_cipher.js:147:29)
    at async 61212612141310.0 [as awaitable] (/home/cplh69c3835/nodevenv/public_html/way/node-service/20/lib/node_modules/libsignal/src/session_cipher.js:171:28)
    at async _asyncQueueExecutor (/home/cplh69c3835/nodevenv/public_html/way/node-service/20/lib/node_modules/libsignal/src/queue_job.js:20:29)
Failed to decrypt message with any known session...
Session error:Error: Bad MAC Error: Bad MAC
    at Object.verifyMAC (/home/cplh69c3835/nodevenv/public_html/way/node-service/20/lib/node_modules/libsignal/src/crypto.js:87:15)
    at SessionCipher.doDecryptWhisperMessage (/home/cplh69c3835/nodevenv/public_html/way/node-service/20/lib/node_modules/libsignal/src/session_cipher.js:250:16)
    at process.processTicksAndRejections (node:internal/process/task_queues:95:5)
    at async SessionCipher.decryptWithSessions (/home/cplh69c3835/nodevenv/public_html/way/node-service/20/lib/node_modules/libsignal/src/session_cipher.js:147:29)
    at async 61212612141310.0 [as awaitable] (/home/cplh69c3835/nodevenv/public_html/way/node-service/20/lib/node_modules/libsignal/src/session_cipher.js:171:28)
    at async _asyncQueueExecutor (/home/cplh69c3835/nodevenv/public_html/way/node-service/20/lib/node_modules/libsignal/src/queue_job.js:20:29)
Session error:Error: Bad MAC Error: Bad MAC
    at Object.verifyMAC (/home/cplh69c3835/nodevenv/public_html/way/node-service/20/lib/node_modules/libsignal/src/crypto.js:87:15)
    at SessionCipher.doDecryptWhisperMessage (/home/cplh69c3835/nodevenv/public_html/way/node-service/20/lib/node_modules/libsignal/src/session_cipher.js:250:16)
    at process.processTicksAndRejections (node:internal/process/task_queues:95:5)
    at async SessionCipher.decryptWithSessions (/home/cplh69c3835/nodevenv/public_html/way/node-service/20/lib/node_modules/libsignal/src/session_cipher.js:147:29)
    at async 61212612141310.0 [as awaitable] (/home/cplh69c3835/nodevenv/public_html/way/node-service/20/lib/node_modules/libsignal/src/session_cipher.js:171:28)
    at async _asyncQueueExecutor (/home/cplh69c3835/nodevenv/public_html/way/node-service/20/lib/node_modules/libsignal/src/queue_job.js:20:29)
Session error:Error: Bad MAC Error: Bad MAC
    at Object.verifyMAC (/home/cplh69c3835/nodevenv/public_html/way/node-service/20/lib/node_modules/libsignal/src/crypto.js:87:15)
    at SessionCipher.doDecryptWhisperMessage (/home/cplh69c3835/nodevenv/public_html/way/node-service/20/lib/node_modules/libsignal/src/session_cipher.js:250:16)
    at process.processTicksAndRejections (node:internal/process/task_queues:95:5)
    at async SessionCipher.decryptWithSessions (/home/cplh69c3835/nodevenv/public_html/way/node-service/20/lib/node_modules/libsignal/src/session_cipher.js:147:29)
    at async 61212612141310.0 [as awaitable] (/home/cplh69c3835/nodevenv/public_html/way/node-service/20/lib/node_modules/libsignal/src/session_cipher.js:171:28)
    at async _asyncQueueExecutor (/home/cplh69c3835/nodevenv/public_html/way/node-service/20/lib/node_modules/libsignal/src/queue_job.js:20:29)
Session error:Error: Bad MAC Error: Bad MAC
    at Object.verifyMAC (/home/cplh69c3835/nodevenv/public_html/way/node-service/20/lib/node_modules/libsignal/src/crypto.js:87:15)
    at SessionCipher.doDecryptWhisperMessage (/home/cplh69c3835/nodevenv/public_html/way/node-service/20/lib/node_modules/libsignal/src/session_cipher.js:250:16)
    at process.processTicksAndRejections (node:internal/process/task_queues:95:5)
    at async SessionCipher.decryptWithSessions (/home/cplh69c3835/nodevenv/public_html/way/node-service/20/lib/node_modules/libsignal/src/session_cipher.js:147:29)
    at async 61212612141310.0 [as awaitable] (/home/cplh69c3835/nodevenv/public_html/way/node-service/20/lib/node_modules/libsignal/src/session_cipher.js:171:28)
    at async _asyncQueueExecutor (/home/cplh69c3835/nodevenv/public_html/way/node-service/20/lib/node_modules/libsignal/src/queue_job.js:20:29)
Failed to decrypt message with any known session...
Session error:Error: Bad MAC Error: Bad MAC
    at Object.verifyMAC (/home/cplh69c3835/nodevenv/public_html/way/node-service/20/lib/node_modules/libsignal/src/crypto.js:87:15)
    at SessionCipher.doDecryptWhisperMessage (/home/cplh69c3835/nodevenv/public_html/way/node-service/20/lib/node_modules/libsignal/src/session_cipher.js:250:16)
    at process.processTicksAndRejections (node:internal/process/task_queues:95:5)
    at async SessionCipher.decryptWithSessions (/home/cplh69c3835/nodevenv/public_html/way/node-service/20/lib/node_modules/libsignal/src/session_cipher.js:147:29)
    at async 61212612141310.0 [as awaitable] (/home/cplh69c3835/nodevenv/public_html/way/node-service/20/lib/node_modules/libsignal/src/session_cipher.js:171:28)
    at async _asyncQueueExecutor (/home/cplh69c3835/nodevenv/public_html/way/node-service/20/lib/node_modules/libsignal/src/queue_job.js:20:29)
Session error:Error: Bad MAC Error: Bad MAC
    at Object.verifyMAC (/home/cplh69c3835/nodevenv/public_html/way/node-service/20/lib/node_modules/libsignal/src/crypto.js:87:15)
    at SessionCipher.doDecryptWhisperMessage (/home/cplh69c3835/nodevenv/public_html/way/node-service/20/lib/node_modules/libsignal/src/session_cipher.js:250:16)
    at process.processTicksAndRejections (node:internal/process/task_queues:95:5)
    at async SessionCipher.decryptWithSessions (/home/cplh69c3835/nodevenv/public_html/way/node-service/20/lib/node_modules/libsignal/src/session_cipher.js:147:29)
    at async 61212612141310.0 [as awaitable] (/home/cplh69c3835/nodevenv/public_html/way/node-service/20/lib/node_modules/libsignal/src/session_cipher.js:171:28)
    at async _asyncQueueExecutor (/home/cplh69c3835/nodevenv/public_html/way/node-service/20/lib/node_modules/libsignal/src/queue_job.js:20:29)
Session error:Error: Bad MAC Error: Bad MAC
    at Object.verifyMAC (/home/cplh69c3835/nodevenv/public_html/way/node-service/20/lib/node_modules/libsignal/src/crypto.js:87:15)
    at SessionCipher.doDecryptWhisperMessage (/home/cplh69c3835/nodevenv/public_html/way/node-service/20/lib/node_modules/libsignal/src/session_cipher.js:250:16)
    at process.processTicksAndRejections (node:internal/process/task_queues:95:5)
    at async SessionCipher.decryptWithSessions (/home/cplh69c3835/nodevenv/public_html/way/node-service/20/lib/node_modules/libsignal/src/session_cipher.js:147:29)
    at async 61212612141310.0 [as awaitable] (/home/cplh69c3835/nodevenv/public_html/way/node-service/20/lib/node_modules/libsignal/src/session_cipher.js:171:28)
    at async _asyncQueueExecutor (/home/cplh69c3835/nodevenv/public_html/way/node-service/20/lib/node_modules/libsignal/src/queue_job.js:20:29)
Session error:Error: Bad MAC Error: Bad MAC
    at Object.verifyMAC (/home/cplh69c3835/nodevenv/public_html/way/node-service/20/lib/node_modules/libsignal/src/crypto.js:87:15)
    at SessionCipher.doDecryptWhisperMessage (/home/cplh69c3835/nodevenv/public_html/way/node-service/20/lib/node_modules/libsignal/src/session_cipher.js:250:16)
    at process.processTicksAndRejections (node:internal/process/task_queues:95:5)
    at async SessionCipher.decryptWithSessions (/home/cplh69c3835/nodevenv/public_html/way/node-service/20/lib/node_modules/libsignal/src/session_cipher.js:147:29)
    at async 61212612141310.0 [as awaitable] (/home/cplh69c3835/nodevenv/public_html/way/node-service/20/lib/node_modules/libsignal/src/session_cipher.js:171:28)
    at async _asyncQueueExecutor (/home/cplh69c3835/nodevenv/public_html/way/node-service/20/lib/node_modules/libsignal/src/queue_job.js:20:29)
Closing open session in favor of incoming prekey bundle
Closing open session in favor of incoming prekey bundle
Closing open session in favor of incoming prekey bundle
