[2026-05-22T10:44:47.731Z] WA Gateway Node service running on port 3001 pid=1134536
[2026-05-22T10:44:47.917Z] [device 1] starting session pid=1134536 path=/home/cplh69c3835/public_html/way/node-service/sessions/1
[2026-05-22T10:44:48.477Z] [device 1] connection closed code=- pid=1134536
[2026-05-22T10:44:49.774Z] WA Gateway Node service running on port 3001 pid=1134838
[2026-05-22T10:44:53.581Z] [device 1] starting session pid=1134536 path=/home/cplh69c3835/public_html/way/node-service/sessions/1
[2026-05-22T10:44:54.398Z] [device 1] connection closed code=- pid=1134536
[2026-05-22T10:45:00.512Z] [device 1] starting session pid=1134536 path=/home/cplh69c3835/public_html/way/node-service/sessions/1
[2026-05-22T10:45:01.087Z] [device 1] connection closed code=- pid=1134536
[2026-05-22T10:45:06.187Z] [device 1] starting session pid=1134536 path=/home/cplh69c3835/public_html/way/node-service/sessions/1
[2026-05-22T10:45:07.079Z] [device 1] connection closed code=- pid=1134536
[2026-05-22T10:45:12.178Z] [device 1] starting session pid=1134536 path=/home/cplh69c3835/public_html/way/node-service/sessions/1
[2026-05-22T10:45:12.658Z] [device 1] connection closed code=- pid=1134536
[2026-05-22T10:45:17.761Z] [device 1] starting session pid=1134536 path=/home/cplh69c3835/public_html/way/node-service/sessions/1
[2026-05-22T10:45:18.155Z] [device 1] connection closed code=- pid=1134536
[2026-05-22T10:45:23.242Z] [device 1] starting session pid=1134536 path=/home/cplh69c3835/public_html/way/node-service/sessions/1
[2026-05-22T10:45:23.671Z] [device 1] connection closed code=- pid=1134536
[2026-05-22T10:45:28.759Z] [device 1] starting session pid=1134536 path=/home/cplh69c3835/public_html/way/node-service/sessions/1
[2026-05-22T10:45:29.320Z] [device 1] connection closed code=- pid=1134536
[2026-05-22T10:45:34.407Z] [device 1] starting session pid=1134536 path=/home/cplh69c3835/public_html/way/node-service/sessions/1
[2026-05-22T10:45:34.833Z] [device 1] connection closed code=- pid=1134536
[2026-05-22T10:45:38.439Z] WA Gateway Node service running on port 3001 pid=1145689
[2026-05-22T10:45:39.931Z] [device 1] starting session pid=1134536 path=/home/cplh69c3835/public_html/way/node-service/sessions/1
[2026-05-22T10:45:40.368Z] [device 1] connection closed code=- pid=1134536
[2026-05-22T10:45:45.467Z] [device 1] starting session pid=1134536 path=/home/cplh69c3835/public_html/way/node-service/sessions/1
[2026-05-22T10:45:45.931Z] [device 1] connection closed code=- pid=1134536
[2026-05-22T10:45:51.028Z] [device 1] starting session pid=1134536 path=/home/cplh69c3835/public_html/way/node-service/sessions/1
[2026-05-22T10:45:51.418Z] [device 1] connection closed code=- pid=1134536
[2026-05-22T10:45:56.513Z] [device 1] starting session pid=1134536 path=/home/cplh69c3835/public_html/way/node-service/sessions/1
[2026-05-22T10:45:56.963Z] [device 1] connection closed code=- pid=1134536
[2026-05-22T10:46:02.066Z] [device 1] starting session pid=1134536 path=/home/cplh69c3835/public_html/way/node-service/sessions/1
[2026-05-22T10:46:02.589Z] [device 1] connection closed code=- pid=1134536
[2026-05-22T10:46:07.672Z] [device 1] starting session pid=1134536 path=/home/cplh69c3835/public_html/way/node-service/sessions/1
[2026-05-22T10:46:08.108Z] [device 1] connection closed code=- pid=1134536
[2026-05-22T10:46:13.207Z] [device 1] starting session pid=1134536 path=/home/cplh69c3835/public_html/way/node-service/sessions/1
[2026-05-22T10:46:13.719Z] [device 1] connection closed code=- pid=1134536
[2026-05-22T10:46:18.821Z] [device 1] starting session pid=1134536 path=/home/cplh69c3835/public_html/way/node-service/sessions/1
[2026-05-22T10:46:20.317Z] [device 1] connection closed code=- pid=1134536
[2026-05-22T10:46:25.405Z] [device 1] starting session pid=1134536 path=/home/cplh69c3835/public_html/way/node-service/sessions/1
[2026-05-22T10:46:25.835Z] [device 1] connection closed code=- pid=1134536
[2026-05-22T10:46:30.919Z] [device 1] starting session pid=1134536 path=/home/cplh69c3835/public_html/way/node-service/sessions/1
[2026-05-22T10:46:31.464Z] [device 1] connection closed code=- pid=1134536
[2026-05-22T10:46:36.562Z] [device 1] starting session pid=1134536 path=/home/cplh69c3835/public_html/way/node-service/sessions/1
[2026-05-22T10:46:37.037Z] [device 1] connection closed code=- pid=1134536
[2026-05-22T10:46:42.125Z] [device 1] starting session pid=1134536 path=/home/cplh69c3835/public_html/way/node-service/sessions/1
[2026-05-22T10:46:42.513Z] [device 1] connection closed code=- pid=1134536
[2026-05-22T10:46:47.610Z] [device 1] starting session pid=1134536 path=/home/cplh69c3835/public_html/way/node-service/sessions/1
[2026-05-22T10:46:48.122Z] [device 1] connection closed code=- pid=1134536
[2026-05-22T10:46:53.211Z] [device 1] starting session pid=1134536 path=/home/cplh69c3835/public_html/way/node-service/sessions/1
[2026-05-22T10:46:53.723Z] [device 1] connection closed code=- pid=1134536
[2026-05-22T10:46:58.825Z] [device 1] starting session pid=1134536 path=/home/cplh69c3835/public_html/way/node-service/sessions/1
[2026-05-22T10:47:00.867Z] [device 1] connection closed code=- pid=1134536
[2026-05-22T10:47:05.966Z] [device 1] starting session pid=1134536 path=/home/cplh69c3835/public_html/way/node-service/sessions/1
[2026-05-22T10:47:06.388Z] [device 1] connection closed code=- pid=1134536
[2026-05-22T10:47:11.480Z] [device 1] starting session pid=1134536 path=/home/cplh69c3835/public_html/way/node-service/sessions/1
[2026-05-22T10:47:12.301Z] [device 1] connection closed code=- pid=1134536
[2026-05-22T10:47:17.386Z] [device 1] starting session pid=1134536 path=/home/cplh69c3835/public_html/way/node-service/sessions/1
[2026-05-22T10:47:17.870Z] [device 1] connection closed code=- pid=1134536
[2026-05-22T10:47:22.966Z] [device 1] starting session pid=1134536 path=/home/cplh69c3835/public_html/way/node-service/sessions/1
[2026-05-22T10:47:23.405Z] [device 1] connection closed code=- pid=1134536
[2026-05-22T10:47:28.491Z] [device 1] starting session pid=1134536 path=/home/cplh69c3835/public_html/way/node-service/sessions/1
[2026-05-22T10:47:29.451Z] [device 1] connection closed code=- pid=1134536
[2026-05-22T10:47:34.553Z] [device 1] starting session pid=1134536 path=/home/cplh69c3835/public_html/way/node-service/sessions/1
[2026-05-22T10:47:35.064Z] [device 1] connection closed code=- pid=1134536
[2026-05-22T10:47:40.170Z] [device 1] starting session pid=1134536 path=/home/cplh69c3835/public_html/way/node-service/sessions/1
[2026-05-22T10:47:40.555Z] [device 1] connection closed code=- pid=1134536
[2026-05-22T10:47:45.649Z] [device 1] starting session pid=1134536 path=/home/cplh69c3835/public_html/way/node-service/sessions/1
[2026-05-22T10:47:46.127Z] [device 1] connection closed code=- pid=1134536
[2026-05-22T10:47:51.230Z] [device 1] starting session pid=1134536 path=/home/cplh69c3835/public_html/way/node-service/sessions/1
[2026-05-22T10:47:51.745Z] [device 1] connection closed code=- pid=1134536
[2026-05-22T10:47:56.846Z] [device 1] starting session pid=1134536 path=/home/cplh69c3835/public_html/way/node-service/sessions/1
[2026-05-22T10:47:57.319Z] [device 1] connection closed code=- pid=1134536
[2026-05-22T10:48:02.403Z] [device 1] starting session pid=1134536 path=/home/cplh69c3835/public_html/way/node-service/sessions/1
[2026-05-22T10:48:02.925Z] [device 1] connection closed code=- pid=1134536
[2026-05-22T10:48:08.016Z] [device 1] starting session pid=1134536 path=/home/cplh69c3835/public_html/way/node-service/sessions/1
[2026-05-22T10:48:08.444Z] [device 1] connection closed code=- pid=1134536
[2026-05-22T10:48:13.541Z] [device 1] starting session pid=1134536 path=/home/cplh69c3835/public_html/way/node-service/sessions/1
[2026-05-22T10:48:13.976Z] [device 1] connection closed code=- pid=1134536
[2026-05-22T10:48:19.060Z] [device 1] starting session pid=1134536 path=/home/cplh69c3835/public_html/way/node-service/sessions/1
[2026-05-22T10:48:19.571Z] [device 1] connection closed code=- pid=1134536
[2026-05-22T10:48:24.676Z] [device 1] starting session pid=1134536 path=/home/cplh69c3835/public_html/way/node-service/sessions/1
[2026-05-22T10:48:25.124Z] [device 1] connection closed code=- pid=1134536
[2026-05-22T10:48:30.225Z] [device 1] starting session pid=1134536 path=/home/cplh69c3835/public_html/way/node-service/sessions/1
[2026-05-22T10:48:30.740Z] [device 1] connection closed code=- pid=1134536
[2026-05-22T10:48:35.825Z] [device 1] starting session pid=1134536 path=/home/cplh69c3835/public_html/way/node-service/sessions/1
[2026-05-22T10:48:36.217Z] [device 1] connection closed code=- pid=1134536
[2026-05-22T10:48:41.315Z] [device 1] starting session pid=1134536 path=/home/cplh69c3835/public_html/way/node-service/sessions/1
[2026-05-22T10:48:41.760Z] [device 1] connection closed code=- pid=1134536
[2026-05-22T10:48:46.855Z] [device 1] starting session pid=1134536 path=/home/cplh69c3835/public_html/way/node-service/sessions/1
[2026-05-22T10:48:47.279Z] [device 1] connection closed code=- pid=1134536
[2026-05-22T10:48:52.370Z] [device 1] starting session pid=1134536 path=/home/cplh69c3835/public_html/way/node-service/sessions/1
[2026-05-22T10:48:52.852Z] [device 1] connection closed code=- pid=1134536
[2026-05-22T10:48:57.960Z] [device 1] starting session pid=1134536 path=/home/cplh69c3835/public_html/way/node-service/sessions/1
[2026-05-22T10:48:58.401Z] [device 1] connection closed code=- pid=1134536
[2026-05-22T10:49:03.505Z] [device 1] starting session pid=1134536 path=/home/cplh69c3835/public_html/way/node-service/sessions/1
[2026-05-22T10:49:04.018Z] [device 1] connection closed code=- pid=1134536
[2026-05-22T10:49:09.105Z] [device 1] starting session pid=1134536 path=/home/cplh69c3835/public_html/way/node-service/sessions/1
[2026-05-22T10:49:09.919Z] [device 1] connection closed code=- pid=1134536
[2026-05-22T10:49:15.016Z] [device 1] starting session pid=1134536 path=/home/cplh69c3835/public_html/way/node-service/sessions/1
[2026-05-22T10:49:15.487Z] [device 1] connection closed code=- pid=1134536
[2026-05-22T10:49:20.571Z] [device 1] starting session pid=1134536 path=/home/cplh69c3835/public_html/way/node-service/sessions/1
[2026-05-22T10:49:21.048Z] [device 1] connection closed code=- pid=1134536
[2026-05-22T10:49:26.138Z] [device 1] starting session pid=1134536 path=/home/cplh69c3835/public_html/way/node-service/sessions/1
[2026-05-22T10:49:26.824Z] [device 1] connection closed code=- pid=1134536
[2026-05-22T10:49:31.922Z] [device 1] starting session pid=1134536 path=/home/cplh69c3835/public_html/way/node-service/sessions/1
[2026-05-22T10:49:32.465Z] [device 1] connection closed code=- pid=1134536
[2026-05-22T10:49:37.555Z] [device 1] starting session pid=1134536 path=/home/cplh69c3835/public_html/way/node-service/sessions/1
[2026-05-22T10:49:38.073Z] [device 1] connection closed code=- pid=1134536
[2026-05-22T10:49:43.165Z] [device 1] starting session pid=1134536 path=/home/cplh69c3835/public_html/way/node-service/sessions/1
[2026-05-22T10:49:43.555Z] [device 1] connection closed code=- pid=1134536
[2026-05-22T10:49:48.637Z] [device 1] starting session pid=1134536 path=/home/cplh69c3835/public_html/way/node-service/sessions/1
[2026-05-22T10:49:49.334Z] [device 1] connection closed code=- pid=1134536
[2026-05-22T10:49:54.423Z] [device 1] starting session pid=1134536 path=/home/cplh69c3835/public_html/way/node-service/sessions/1
[2026-05-22T10:49:55.113Z] [device 1] connection closed code=- pid=1134536
[2026-05-22T10:50:00.198Z] [device 1] starting session pid=1134536 path=/home/cplh69c3835/public_html/way/node-service/sessions/1
[2026-05-22T10:50:01.166Z] [device 1] connection closed code=- pid=1134536
[2026-05-22T10:50:06.255Z] [device 1] starting session pid=1134536 path=/home/cplh69c3835/public_html/way/node-service/sessions/1
[2026-05-22T10:50:07.124Z] [device 1] connection closed code=- pid=1134536
[2026-05-22T10:50:12.221Z] [device 1] starting session pid=1134536 path=/home/cplh69c3835/public_html/way/node-service/sessions/1
[2026-05-22T10:50:12.647Z] [device 1] connection closed code=- pid=1134536
[2026-05-22T10:50:17.746Z] [device 1] starting session pid=1134536 path=/home/cplh69c3835/public_html/way/node-service/sessions/1
[2026-05-22T10:50:18.564Z] [device 1] connection closed code=- pid=1134536
[2026-05-22T10:50:23.650Z] [device 1] starting session pid=1134536 path=/home/cplh69c3835/public_html/way/node-service/sessions/1
[2026-05-22T10:50:24.031Z] [device 1] connection closed code=- pid=1134536
[2026-05-22T10:50:29.117Z] [device 1] starting session pid=1134536 path=/home/cplh69c3835/public_html/way/node-service/sessions/1
[2026-05-22T10:50:29.588Z] [device 1] connection closed code=- pid=1134536
[2026-05-22T10:50:34.676Z] [device 1] starting session pid=1134536 path=/home/cplh69c3835/public_html/way/node-service/sessions/1
[2026-05-22T10:50:35.152Z] [device 1] connection closed code=- pid=1134536
[2026-05-22T10:50:40.236Z] [device 1] starting session pid=1134536 path=/home/cplh69c3835/public_html/way/node-service/sessions/1
[2026-05-22T10:50:40.617Z] [device 1] connection closed code=- pid=1134536
[2026-05-22T10:50:45.726Z] [device 1] starting session pid=1134536 path=/home/cplh69c3835/public_html/way/node-service/sessions/1
[2026-05-22T10:50:46.241Z] [device 1] connection closed code=- pid=1134536
[2026-05-22T10:50:51.326Z] [device 1] starting session pid=1134536 path=/home/cplh69c3835/public_html/way/node-service/sessions/1
[2026-05-22T10:50:51.782Z] [device 1] connection closed code=- pid=1134536
[2026-05-22T10:50:56.868Z] [device 1] starting session pid=1134536 path=/home/cplh69c3835/public_html/way/node-service/sessions/1
[2026-05-22T10:50:57.400Z] [device 1] connection closed code=- pid=1134536
[2026-05-22T10:51:02.494Z] [device 1] starting session pid=1134536 path=/home/cplh69c3835/public_html/way/node-service/sessions/1
[2026-05-22T10:51:02.937Z] [device 1] connection closed code=- pid=1134536
[2026-05-22T10:51:08.045Z] [device 1] starting session pid=1134536 path=/home/cplh69c3835/public_html/way/node-service/sessions/1
[2026-05-22T10:51:08.741Z] [device 1] connection closed code=- pid=1134536
[2026-05-22T10:51:13.851Z] [device 1] starting session pid=1134536 path=/home/cplh69c3835/public_html/way/node-service/sessions/1
[2026-05-22T10:51:14.293Z] [device 1] connection closed code=- pid=1134536
[2026-05-22T10:51:21.421Z] [device 1] starting session pid=1134536 path=/home/cplh69c3835/public_html/way/node-service/sessions/1
[2026-05-22T10:51:22.206Z] [device 1] connection closed code=- pid=1134536
[2026-05-22T10:51:27.304Z] [device 1] starting session pid=1134536 path=/home/cplh69c3835/public_html/way/node-service/sessions/1
[2026-05-22T10:51:27.839Z] [device 1] connection closed code=- pid=1134536
[2026-05-22T10:51:32.934Z] [device 1] starting session pid=1134536 path=/home/cplh69c3835/public_html/way/node-service/sessions/1
[2026-05-22T10:51:33.377Z] [device 1] connection closed code=- pid=1134536
[2026-05-22T10:51:38.465Z] [device 1] starting session pid=1134536 path=/home/cplh69c3835/public_html/way/node-service/sessions/1
[2026-05-22T10:51:38.901Z] [device 1] connection closed code=- pid=1134536
[2026-05-22T10:51:43.992Z] [device 1] starting session pid=1134536 path=/home/cplh69c3835/public_html/way/node-service/sessions/1
[2026-05-22T10:51:44.513Z] [device 1] connection closed code=- pid=1134536
[2026-05-22T10:51:50.619Z] [device 1] starting session pid=1134536 path=/home/cplh69c3835/public_html/way/node-service/sessions/1
[2026-05-22T10:51:51.586Z] [device 1] connection closed code=- pid=1134536
[2026-05-22T10:51:56.672Z] [device 1] starting session pid=1134536 path=/home/cplh69c3835/public_html/way/node-service/sessions/1
[2026-05-22T10:51:57.117Z] [device 1] connection closed code=- pid=1134536
[2026-05-22T10:52:02.199Z] [device 1] starting session pid=1134536 path=/home/cplh69c3835/public_html/way/node-service/sessions/1
[2026-05-22T10:52:02.645Z] [device 1] connection closed code=- pid=1134536
[2026-05-22T10:52:07.744Z] [device 1] starting session pid=1134536 path=/home/cplh69c3835/public_html/way/node-service/sessions/1
[2026-05-22T10:52:08.223Z] [device 1] connection closed code=- pid=1134536
[2026-05-22T10:52:13.309Z] [device 1] starting session pid=1134536 path=/home/cplh69c3835/public_html/way/node-service/sessions/1
[2026-05-22T10:52:13.828Z] [device 1] connection closed code=- pid=1134536
[2026-05-22T10:52:18.920Z] [device 1] starting session pid=1134536 path=/home/cplh69c3835/public_html/way/node-service/sessions/1
[2026-05-22T10:52:19.451Z] [device 1] connection closed code=- pid=1134536
[2026-05-22T10:52:24.537Z] [device 1] starting session pid=1134536 path=/home/cplh69c3835/public_html/way/node-service/sessions/1
[2026-05-22T10:52:25.014Z] [device 1] connection closed code=- pid=1134536
[2026-05-22T10:52:30.111Z] [device 1] starting session pid=1134536 path=/home/cplh69c3835/public_html/way/node-service/sessions/1
[2026-05-22T10:52:30.594Z] [device 1] connection closed code=- pid=1134536
[2026-05-22T10:52:35.691Z] [device 1] starting session pid=1134536 path=/home/cplh69c3835/public_html/way/node-service/sessions/1
[2026-05-22T10:52:36.118Z] [device 1] connection closed code=- pid=1134536
[2026-05-22T10:52:41.214Z] [device 1] starting session pid=1134536 path=/home/cplh69c3835/public_html/way/node-service/sessions/1
[2026-05-22T10:52:41.709Z] [device 1] connection closed code=- pid=1134536
[2026-05-22T10:52:46.799Z] [device 1] starting session pid=1134536 path=/home/cplh69c3835/public_html/way/node-service/sessions/1
[2026-05-22T10:52:47.272Z] [device 1] connection closed code=- pid=1134536
[2026-05-22T10:52:52.359Z] [device 1] starting session pid=1134536 path=/home/cplh69c3835/public_html/way/node-service/sessions/1
[2026-05-22T10:52:52.840Z] [device 1] connection closed code=- pid=1134536
[2026-05-22T10:52:57.923Z] [device 1] starting session pid=1134536 path=/home/cplh69c3835/public_html/way/node-service/sessions/1
[2026-05-22T10:52:58.357Z] [device 1] connection closed code=- pid=1134536
[2026-05-22T10:53:03.446Z] [device 1] starting session pid=1134536 path=/home/cplh69c3835/public_html/way/node-service/sessions/1
[2026-05-22T10:53:03.995Z] [device 1] connection closed code=- pid=1134536
[2026-05-22T10:53:09.085Z] [device 1] starting session pid=1134536 path=/home/cplh69c3835/public_html/way/node-service/sessions/1
[2026-05-22T10:53:09.553Z] [device 1] connection closed code=- pid=1134536
[2026-05-22T10:53:14.666Z] [device 1] starting session pid=1134536 path=/home/cplh69c3835/public_html/way/node-service/sessions/1
[2026-05-22T10:53:15.107Z] [device 1] connection closed code=- pid=1134536
[2026-05-22T10:53:20.193Z] [device 1] starting session pid=1134536 path=/home/cplh69c3835/public_html/way/node-service/sessions/1
[2026-05-22T10:53:20.735Z] [device 1] connection closed code=- pid=1134536
[2026-05-22T10:53:25.823Z] [device 1] starting session pid=1134536 path=/home/cplh69c3835/public_html/way/node-service/sessions/1
[2026-05-22T10:53:26.260Z] [device 1] connection closed code=- pid=1134536
[2026-05-22T10:53:31.345Z] [device 1] starting session pid=1134536 path=/home/cplh69c3835/public_html/way/node-service/sessions/1
[2026-05-22T10:53:31.730Z] [device 1] connection closed code=- pid=1134536
[2026-05-22T10:53:36.816Z] [device 1] starting session pid=1134536 path=/home/cplh69c3835/public_html/way/node-service/sessions/1
[2026-05-22T10:53:37.254Z] [device 1] connection closed code=- pid=1134536
[2026-05-22T10:53:42.340Z] [device 1] starting session pid=1134536 path=/home/cplh69c3835/public_html/way/node-service/sessions/1
[2026-05-22T10:53:43.207Z] [device 1] connection closed code=- pid=1134536
[2026-05-22T10:53:48.287Z] [device 1] starting session pid=1134536 path=/home/cplh69c3835/public_html/way/node-service/sessions/1
[2026-05-22T10:53:48.710Z] [device 1] connection closed code=- pid=1134536
[2026-05-22T10:53:53.795Z] [device 1] starting session pid=1134536 path=/home/cplh69c3835/public_html/way/node-service/sessions/1
[2026-05-22T10:53:54.259Z] [device 1] connection closed code=- pid=1134536
[2026-05-22T10:53:59.346Z] [device 1] starting session pid=1134536 path=/home/cplh69c3835/public_html/way/node-service/sessions/1
[2026-05-22T10:53:59.781Z] [device 1] connection closed code=- pid=1134536
[2026-05-22T10:54:04.865Z] [device 1] starting session pid=1134536 path=/home/cplh69c3835/public_html/way/node-service/sessions/1
[2026-05-22T10:54:05.374Z] [device 1] connection closed code=- pid=1134536
[2026-05-22T10:54:10.469Z] [device 1] starting session pid=1134536 path=/home/cplh69c3835/public_html/way/node-service/sessions/1
[2026-05-22T10:54:10.923Z] [device 1] connection closed code=- pid=1134536
[2026-05-22T10:54:16.009Z] [device 1] starting session pid=1134536 path=/home/cplh69c3835/public_html/way/node-service/sessions/1
[2026-05-22T10:54:16.486Z] [device 1] connection closed code=- pid=1134536
[2026-05-22T10:54:21.572Z] [device 1] starting session pid=1134536 path=/home/cplh69c3835/public_html/way/node-service/sessions/1
[2026-05-22T10:54:22.125Z] [device 1] connection closed code=- pid=1134536
[2026-05-22T10:54:27.208Z] [device 1] starting session pid=1134536 path=/home/cplh69c3835/public_html/way/node-service/sessions/1
[2026-05-22T10:54:27.715Z] [device 1] connection closed code=- pid=1134536
[2026-05-22T10:54:32.802Z] [device 1] starting session pid=1134536 path=/home/cplh69c3835/public_html/way/node-service/sessions/1
[2026-05-22T10:54:33.248Z] [device 1] connection closed code=- pid=1134536
[2026-05-22T10:54:38.352Z] [device 1] starting session pid=1134536 path=/home/cplh69c3835/public_html/way/node-service/sessions/1
[2026-05-22T10:54:38.794Z] [device 1] connection closed code=- pid=1134536
[2026-05-22T10:54:43.887Z] [device 1] starting session pid=1134536 path=/home/cplh69c3835/public_html/way/node-service/sessions/1
[2026-05-22T10:54:44.402Z] [device 1] connection closed code=- pid=1134536
[2026-05-22T10:54:50.520Z] [device 1] starting session pid=1134536 path=/home/cplh69c3835/public_html/way/node-service/sessions/1
[2026-05-22T10:54:50.901Z] [device 1] connection closed code=- pid=1134536
[2026-05-22T10:54:56.002Z] [device 1] starting session pid=1134536 path=/home/cplh69c3835/public_html/way/node-service/sessions/1
[2026-05-22T10:54:56.446Z] [device 1] connection closed code=- pid=1134536
[2026-05-22T10:55:01.530Z] [device 1] starting session pid=1134536 path=/home/cplh69c3835/public_html/way/node-service/sessions/1
[2026-05-22T10:55:02.426Z] [device 1] connection closed code=- pid=1134536
[2026-05-22T10:55:07.514Z] [device 1] starting session pid=1134536 path=/home/cplh69c3835/public_html/way/node-service/sessions/1
[2026-05-22T10:55:08.000Z] [device 1] connection closed code=- pid=1134536
[2026-05-22T10:55:13.097Z] [device 1] starting session pid=1134536 path=/home/cplh69c3835/public_html/way/node-service/sessions/1
[2026-05-22T10:55:13.530Z] [device 1] connection closed code=- pid=1134536
[2026-05-22T10:55:18.620Z] [device 1] starting session pid=1134536 path=/home/cplh69c3835/public_html/way/node-service/sessions/1
[2026-05-22T10:55:19.065Z] [device 1] connection closed code=- pid=1134536
[2026-05-22T10:55:24.154Z] [device 1] starting session pid=1134536 path=/home/cplh69c3835/public_html/way/node-service/sessions/1
[2026-05-22T10:55:24.842Z] [device 1] connection closed code=- pid=1134536
[2026-05-22T10:55:29.936Z] [device 1] starting session pid=1134536 path=/home/cplh69c3835/public_html/way/node-service/sessions/1
[2026-05-22T10:55:30.418Z] [device 1] connection closed code=- pid=1134536
[2026-05-22T10:55:35.515Z] [device 1] starting session pid=1134536 path=/home/cplh69c3835/public_html/way/node-service/sessions/1
[2026-05-22T10:55:35.983Z] [device 1] connection closed code=- pid=1134536
[2026-05-22T10:55:41.067Z] [device 1] starting session pid=1134536 path=/home/cplh69c3835/public_html/way/node-service/sessions/1
[2026-05-22T10:55:41.540Z] [device 1] connection closed code=- pid=1134536
[2026-05-22T10:55:46.626Z] [device 1] starting session pid=1134536 path=/home/cplh69c3835/public_html/way/node-service/sessions/1
[2026-05-22T10:55:47.134Z] [device 1] connection closed code=- pid=1134536
[2026-05-22T10:55:52.216Z] [device 1] starting session pid=1134536 path=/home/cplh69c3835/public_html/way/node-service/sessions/1
[2026-05-22T10:55:53.005Z] [device 1] connection closed code=- pid=1134536
[2026-05-22T10:55:58.104Z] [device 1] starting session pid=1134536 path=/home/cplh69c3835/public_html/way/node-service/sessions/1
[2026-05-22T10:55:58.568Z] [device 1] connection closed code=- pid=1134536
[2026-05-22T10:56:03.663Z] [device 1] starting session pid=1134536 path=/home/cplh69c3835/public_html/way/node-service/sessions/1
[2026-05-22T10:56:04.148Z] [device 1] connection closed code=- pid=1134536
[2026-05-22T10:56:09.236Z] [device 1] starting session pid=1134536 path=/home/cplh69c3835/public_html/way/node-service/sessions/1
[2026-05-22T10:56:09.675Z] [device 1] connection closed code=- pid=1134536
[2026-05-22T10:56:14.762Z] [device 1] starting session pid=1134536 path=/home/cplh69c3835/public_html/way/node-service/sessions/1
[2026-05-22T10:56:15.204Z] [device 1] connection closed code=- pid=1134536
[2026-05-22T10:56:20.289Z] [device 1] starting session pid=1134536 path=/home/cplh69c3835/public_html/way/node-service/sessions/1
[2026-05-22T10:56:21.113Z] [device 1] connection closed code=- pid=1134536
[2026-05-22T10:56:26.205Z] [device 1] starting session pid=1134536 path=/home/cplh69c3835/public_html/way/node-service/sessions/1
[2026-05-22T10:56:26.637Z] [device 1] connection closed code=- pid=1134536
[2026-05-22T10:56:31.719Z] [device 1] starting session pid=1134536 path=/home/cplh69c3835/public_html/way/node-service/sessions/1
[2026-05-22T10:56:32.198Z] [device 1] connection closed code=- pid=1134536
[2026-05-22T10:56:37.296Z] [device 1] starting session pid=1134536 path=/home/cplh69c3835/public_html/way/node-service/sessions/1
[2026-05-22T10:56:37.832Z] [device 1] connection closed code=- pid=1134536
[2026-05-22T10:56:42.929Z] [device 1] starting session pid=1134536 path=/home/cplh69c3835/public_html/way/node-service/sessions/1
[2026-05-22T10:56:43.808Z] [device 1] connection closed code=- pid=1134536
[2026-05-22T10:56:48.908Z] [device 1] starting session pid=1134536 path=/home/cplh69c3835/public_html/way/node-service/sessions/1
[2026-05-22T10:56:49.432Z] [device 1] connection closed code=- pid=1134536
[2026-05-22T10:56:54.517Z] [device 1] starting session pid=1134536 path=/home/cplh69c3835/public_html/way/node-service/sessions/1
[2026-05-22T10:56:54.945Z] [device 1] connection closed code=- pid=1134536
[2026-05-22T10:57:00.081Z] [device 1] starting session pid=1134536 path=/home/cplh69c3835/public_html/way/node-service/sessions/1
[2026-05-22T10:57:00.477Z] [device 1] connection closed code=- pid=1134536
[2026-05-22T10:57:05.561Z] [device 1] starting session pid=1134536 path=/home/cplh69c3835/public_html/way/node-service/sessions/1
[2026-05-22T10:57:06.359Z] [device 1] connection closed code=- pid=1134536
[2026-05-22T10:57:11.465Z] [device 1] starting session pid=1134536 path=/home/cplh69c3835/public_html/way/node-service/sessions/1
[2026-05-22T10:57:11.907Z] [device 1] connection closed code=- pid=1134536
[2026-05-22T10:57:16.931Z] [device 1] write state failed: ENOENT: no such file or directory, open '/home/cplh69c3835/public_html/way/node-service/sessions/_state/1.json'
[2026-05-22T10:57:16.992Z] [device 1] starting session pid=1134536 path=/home/cplh69c3835/public_html/way/node-service/sessions/1
[2026-05-22T10:57:17.372Z] [device 1] write state failed: ENOENT: no such file or directory, open '/home/cplh69c3835/public_html/way/node-service/sessions/_state/1.json'
[2026-05-22T10:57:17.372Z] [device 1] connection closed code=- pid=1134536
[2026-05-22T10:57:17.372Z] [device 1] write state failed: ENOENT: no such file or directory, open '/home/cplh69c3835/public_html/way/node-service/sessions/_state/1.json'
[2026-05-22T10:57:22.407Z] [device 1] write state failed: ENOENT: no such file or directory, open '/home/cplh69c3835/public_html/way/node-service/sessions/_state/1.json'
[2026-05-22T10:57:22.468Z] [device 1] starting session pid=1134536 path=/home/cplh69c3835/public_html/way/node-service/sessions/1
[2026-05-22T10:57:22.932Z] [device 1] write state failed: ENOENT: no such file or directory, open '/home/cplh69c3835/public_html/way/node-service/sessions/_state/1.json'
[2026-05-22T10:57:22.932Z] [device 1] connection closed code=- pid=1134536
[2026-05-22T10:57:22.932Z] [device 1] write state failed: ENOENT: no such file or directory, open '/home/cplh69c3835/public_html/way/node-service/sessions/_state/1.json'
[2026-05-22T10:57:27.966Z] [device 1] write state failed: ENOENT: no such file or directory, open '/home/cplh69c3835/public_html/way/node-service/sessions/_state/1.json'
[2026-05-22T10:57:28.028Z] [device 1] starting session pid=1134536 path=/home/cplh69c3835/public_html/way/node-service/sessions/1
[2026-05-22T10:57:28.566Z] [device 1] write state failed: ENOENT: no such file or directory, open '/home/cplh69c3835/public_html/way/node-service/sessions/_state/1.json'
[2026-05-22T10:57:28.566Z] [device 1] connection closed code=- pid=1134536
[2026-05-22T10:57:28.566Z] [device 1] write state failed: ENOENT: no such file or directory, open '/home/cplh69c3835/public_html/way/node-service/sessions/_state/1.json'
[2026-05-22T10:57:33.590Z] [device 1] write state failed: ENOENT: no such file or directory, open '/home/cplh69c3835/public_html/way/node-service/sessions/_state/1.json'
[2026-05-22T10:57:33.653Z] [device 1] starting session pid=1134536 path=/home/cplh69c3835/public_html/way/node-service/sessions/1
[2026-05-22T10:57:34.038Z] [device 1] write state failed: ENOENT: no such file or directory, open '/home/cplh69c3835/public_html/way/node-service/sessions/_state/1.json'
[2026-05-22T10:57:34.038Z] [device 1] connection closed code=- pid=1134536
[2026-05-22T10:57:34.039Z] [device 1] write state failed: ENOENT: no such file or directory, open '/home/cplh69c3835/public_html/way/node-service/sessions/_state/1.json'
[2026-05-22T10:57:39.063Z] [device 1] write state failed: ENOENT: no such file or directory, open '/home/cplh69c3835/public_html/way/node-service/sessions/_state/1.json'
[2026-05-22T10:57:39.126Z] [device 1] starting session pid=1134536 path=/home/cplh69c3835/public_html/way/node-service/sessions/1
[2026-05-22T10:57:39.602Z] [device 1] write state failed: ENOENT: no such file or directory, open '/home/cplh69c3835/public_html/way/node-service/sessions/_state/1.json'
[2026-05-22T10:57:39.602Z] [device 1] connection closed code=- pid=1134536
[2026-05-22T10:57:39.602Z] [device 1] write state failed: ENOENT: no such file or directory, open '/home/cplh69c3835/public_html/way/node-service/sessions/_state/1.json'
[2026-05-22T10:57:44.633Z] [device 1] write state failed: ENOENT: no such file or directory, open '/home/cplh69c3835/public_html/way/node-service/sessions/_state/1.json'
[2026-05-22T10:57:44.706Z] [device 1] starting session pid=1134536 path=/home/cplh69c3835/public_html/way/node-service/sessions/1
[2026-05-22T10:57:45.588Z] [device 1] write state failed: ENOENT: no such file or directory, open '/home/cplh69c3835/public_html/way/node-service/sessions/_state/1.json'
[2026-05-22T10:57:45.588Z] [device 1] connection closed code=- pid=1134536
[2026-05-22T10:57:45.589Z] [device 1] write state failed: ENOENT: no such file or directory, open '/home/cplh69c3835/public_html/way/node-service/sessions/_state/1.json'
[2026-05-22T10:57:50.612Z] [device 1] write state failed: ENOENT: no such file or directory, open '/home/cplh69c3835/public_html/way/node-service/sessions/_state/1.json'
[2026-05-22T10:57:50.675Z] [device 1] starting session pid=1134536 path=/home/cplh69c3835/public_html/way/node-service/sessions/1
[2026-05-22T10:57:51.101Z] [device 1] write state failed: ENOENT: no such file or directory, open '/home/cplh69c3835/public_html/way/node-service/sessions/_state/1.json'
[2026-05-22T10:57:51.101Z] [device 1] connection closed code=- pid=1134536
[2026-05-22T10:57:51.101Z] [device 1] write state failed: ENOENT: no such file or directory, open '/home/cplh69c3835/public_html/way/node-service/sessions/_state/1.json'
[2026-05-22T10:57:56.132Z] [device 1] write state failed: ENOENT: no such file or directory, open '/home/cplh69c3835/public_html/way/node-service/sessions/_state/1.json'
[2026-05-22T10:57:56.194Z] [device 1] starting session pid=1134536 path=/home/cplh69c3835/public_html/way/node-service/sessions/1
[2026-05-22T10:57:56.673Z] [device 1] write state failed: ENOENT: no such file or directory, open '/home/cplh69c3835/public_html/way/node-service/sessions/_state/1.json'
[2026-05-22T10:57:56.673Z] [device 1] connection closed code=- pid=1134536
[2026-05-22T10:57:56.673Z] [device 1] write state failed: ENOENT: no such file or directory, open '/home/cplh69c3835/public_html/way/node-service/sessions/_state/1.json'
[2026-05-22T10:58:01.698Z] [device 1] write state failed: ENOENT: no such file or directory, open '/home/cplh69c3835/public_html/way/node-service/sessions/_state/1.json'
[2026-05-22T10:58:01.763Z] [device 1] starting session pid=1134536 path=/home/cplh69c3835/public_html/way/node-service/sessions/1
[2026-05-22T10:58:02.186Z] [device 1] write state failed: ENOENT: no such file or directory, open '/home/cplh69c3835/public_html/way/node-service/sessions/_state/1.json'
[2026-05-22T10:58:02.186Z] [device 1] connection closed code=- pid=1134536
[2026-05-22T10:58:02.187Z] [device 1] write state failed: ENOENT: no such file or directory, open '/home/cplh69c3835/public_html/way/node-service/sessions/_state/1.json'
[2026-05-22T10:58:07.215Z] [device 1] write state failed: ENOENT: no such file or directory, open '/home/cplh69c3835/public_html/way/node-service/sessions/_state/1.json'
[2026-05-22T10:58:07.283Z] [device 1] starting session pid=1134536 path=/home/cplh69c3835/public_html/way/node-service/sessions/1
[2026-05-22T10:58:07.733Z] [device 1] write state failed: ENOENT: no such file or directory, open '/home/cplh69c3835/public_html/way/node-service/sessions/_state/1.json'
[2026-05-22T10:58:07.733Z] [device 1] connection closed code=- pid=1134536
[2026-05-22T10:58:07.734Z] [device 1] write state failed: ENOENT: no such file or directory, open '/home/cplh69c3835/public_html/way/node-service/sessions/_state/1.json'
[2026-05-22T10:58:12.755Z] [device 1] write state failed: ENOENT: no such file or directory, open '/home/cplh69c3835/public_html/way/node-service/sessions/_state/1.json'
[2026-05-22T10:58:12.817Z] [device 1] starting session pid=1134536 path=/home/cplh69c3835/public_html/way/node-service/sessions/1
[2026-05-22T10:58:13.369Z] [device 1] write state failed: ENOENT: no such file or directory, open '/home/cplh69c3835/public_html/way/node-service/sessions/_state/1.json'
[2026-05-22T10:58:13.369Z] [device 1] connection closed code=- pid=1134536
[2026-05-22T10:58:13.369Z] [device 1] write state failed: ENOENT: no such file or directory, open '/home/cplh69c3835/public_html/way/node-service/sessions/_state/1.json'
[2026-05-22T10:58:18.401Z] [device 1] write state failed: ENOENT: no such file or directory, open '/home/cplh69c3835/public_html/way/node-service/sessions/_state/1.json'
[2026-05-22T10:58:18.462Z] [device 1] starting session pid=1134536 path=/home/cplh69c3835/public_html/way/node-service/sessions/1
[2026-05-22T10:58:18.903Z] [device 1] write state failed: ENOENT: no such file or directory, open '/home/cplh69c3835/public_html/way/node-service/sessions/_state/1.json'
[2026-05-22T10:58:18.903Z] [device 1] connection closed code=- pid=1134536
[2026-05-22T10:58:18.904Z] [device 1] write state failed: ENOENT: no such file or directory, open '/home/cplh69c3835/public_html/way/node-service/sessions/_state/1.json'
[2026-05-22T10:58:23.929Z] [device 1] write state failed: ENOENT: no such file or directory, open '/home/cplh69c3835/public_html/way/node-service/sessions/_state/1.json'
[2026-05-22T10:58:23.992Z] [device 1] starting session pid=1134536 path=/home/cplh69c3835/public_html/way/node-service/sessions/1
[2026-05-22T10:58:24.436Z] [device 1] write state failed: ENOENT: no such file or directory, open '/home/cplh69c3835/public_html/way/node-service/sessions/_state/1.json'
[2026-05-22T10:58:24.436Z] [device 1] connection closed code=- pid=1134536
[2026-05-22T10:58:24.437Z] [device 1] write state failed: ENOENT: no such file or directory, open '/home/cplh69c3835/public_html/way/node-service/sessions/_state/1.json'
[2026-05-22T10:58:29.464Z] [device 1] write state failed: ENOENT: no such file or directory, open '/home/cplh69c3835/public_html/way/node-service/sessions/_state/1.json'
[2026-05-22T10:58:30.557Z] [device 1] starting session pid=1134536 path=/home/cplh69c3835/public_html/way/node-service/sessions/1
[2026-05-22T10:58:30.991Z] [device 1] write state failed: ENOENT: no such file or directory, open '/home/cplh69c3835/public_html/way/node-service/sessions/_state/1.json'
[2026-05-22T10:58:30.991Z] [device 1] connection closed code=- pid=1134536
[2026-05-22T10:58:30.991Z] [device 1] write state failed: ENOENT: no such file or directory, open '/home/cplh69c3835/public_html/way/node-service/sessions/_state/1.json'
[2026-05-22T10:58:36.024Z] [device 1] write state failed: ENOENT: no such file or directory, open '/home/cplh69c3835/public_html/way/node-service/sessions/_state/1.json'
[2026-05-22T10:58:36.090Z] [device 1] starting session pid=1134536 path=/home/cplh69c3835/public_html/way/node-service/sessions/1
[2026-05-22T10:58:37.056Z] [device 1] write state failed: ENOENT: no such file or directory, open '/home/cplh69c3835/public_html/way/node-service/sessions/_state/1.json'
[2026-05-22T10:58:37.056Z] [device 1] connection closed code=- pid=1134536
[2026-05-22T10:58:37.057Z] [device 1] write state failed: ENOENT: no such file or directory, open '/home/cplh69c3835/public_html/way/node-service/sessions/_state/1.json'
[2026-05-22T10:58:42.078Z] [device 1] write state failed: ENOENT: no such file or directory, open '/home/cplh69c3835/public_html/way/node-service/sessions/_state/1.json'
[2026-05-22T10:58:42.145Z] [device 1] starting session pid=1134536 path=/home/cplh69c3835/public_html/way/node-service/sessions/1
[2026-05-22T10:58:42.572Z] [device 1] write state failed: ENOENT: no such file or directory, open '/home/cplh69c3835/public_html/way/node-service/sessions/_state/1.json'
[2026-05-22T10:58:42.572Z] [device 1] connection closed code=- pid=1134536
[2026-05-22T10:58:42.572Z] [device 1] write state failed: ENOENT: no such file or directory, open '/home/cplh69c3835/public_html/way/node-service/sessions/_state/1.json'
[2026-05-22T10:58:47.592Z] [device 1] write state failed: ENOENT: no such file or directory, open '/home/cplh69c3835/public_html/way/node-service/sessions/_state/1.json'
[2026-05-22T10:58:47.655Z] [device 1] starting session pid=1134536 path=/home/cplh69c3835/public_html/way/node-service/sessions/1
[2026-05-22T10:58:48.082Z] [device 1] write state failed: ENOENT: no such file or directory, open '/home/cplh69c3835/public_html/way/node-service/sessions/_state/1.json'
[2026-05-22T10:58:48.083Z] [device 1] write state failed: ENOENT: no such file or directory, open '/home/cplh69c3835/public_html/way/node-service/sessions/_state/1.json'
[2026-05-22T10:58:48.082Z] [device 1] connection closed code=- pid=1134536
[2026-05-22T10:58:53.104Z] [device 1] write state failed: ENOENT: no such file or directory, open '/home/cplh69c3835/public_html/way/node-service/sessions/_state/1.json'
[2026-05-22T10:58:53.167Z] [device 1] starting session pid=1134536 path=/home/cplh69c3835/public_html/way/node-service/sessions/1
[2026-05-22T10:58:53.605Z] [device 1] write state failed: ENOENT: no such file or directory, open '/home/cplh69c3835/public_html/way/node-service/sessions/_state/1.json'
[2026-05-22T10:58:53.605Z] [device 1] connection closed code=- pid=1134536
[2026-05-22T10:58:53.605Z] [device 1] write state failed: ENOENT: no such file or directory, open '/home/cplh69c3835/public_html/way/node-service/sessions/_state/1.json'
[2026-05-22T10:58:58.626Z] [device 1] write state failed: ENOENT: no such file or directory, open '/home/cplh69c3835/public_html/way/node-service/sessions/_state/1.json'
[2026-05-22T10:58:58.692Z] [device 1] starting session pid=1134536 path=/home/cplh69c3835/public_html/way/node-service/sessions/1
[2026-05-22T10:58:59.130Z] [device 1] write state failed: ENOENT: no such file or directory, open '/home/cplh69c3835/public_html/way/node-service/sessions/_state/1.json'
[2026-05-22T10:58:59.131Z] [device 1] connection closed code=- pid=1134536
[2026-05-22T10:58:59.131Z] [device 1] write state failed: ENOENT: no such file or directory, open '/home/cplh69c3835/public_html/way/node-service/sessions/_state/1.json'
[2026-05-22T10:59:04.154Z] [device 1] write state failed: ENOENT: no such file or directory, open '/home/cplh69c3835/public_html/way/node-service/sessions/_state/1.json'
[2026-05-22T10:59:04.226Z] [device 1] starting session pid=1134536 path=/home/cplh69c3835/public_html/way/node-service/sessions/1
[2026-05-22T10:59:04.661Z] [device 1] write state failed: ENOENT: no such file or directory, open '/home/cplh69c3835/public_html/way/node-service/sessions/_state/1.json'
[2026-05-22T10:59:04.661Z] [device 1] connection closed code=- pid=1134536
[2026-05-22T10:59:04.661Z] [device 1] write state failed: ENOENT: no such file or directory, open '/home/cplh69c3835/public_html/way/node-service/sessions/_state/1.json'
[2026-05-22T10:59:09.684Z] [device 1] write state failed: ENOENT: no such file or directory, open '/home/cplh69c3835/public_html/way/node-service/sessions/_state/1.json'
[2026-05-22T10:59:09.742Z] [device 1] starting session pid=1134536 path=/home/cplh69c3835/public_html/way/node-service/sessions/1
[2026-05-22T10:59:10.266Z] [device 1] write state failed: ENOENT: no such file or directory, open '/home/cplh69c3835/public_html/way/node-service/sessions/_state/1.json'
[2026-05-22T10:59:10.266Z] [device 1] connection closed code=- pid=1134536
[2026-05-22T10:59:10.266Z] [device 1] write state failed: ENOENT: no such file or directory, open '/home/cplh69c3835/public_html/way/node-service/sessions/_state/1.json'
[2026-05-22T10:59:15.285Z] [device 1] write state failed: ENOENT: no such file or directory, open '/home/cplh69c3835/public_html/way/node-service/sessions/_state/1.json'
[2026-05-22T10:59:15.347Z] [device 1] starting session pid=1134536 path=/home/cplh69c3835/public_html/way/node-service/sessions/1
[2026-05-22T10:59:15.820Z] [device 1] write state failed: ENOENT: no such file or directory, open '/home/cplh69c3835/public_html/way/node-service/sessions/_state/1.json'
[2026-05-22T10:59:15.820Z] [device 1] connection closed code=- pid=1134536
[2026-05-22T10:59:15.821Z] [device 1] write state failed: ENOENT: no such file or directory, open '/home/cplh69c3835/public_html/way/node-service/sessions/_state/1.json'
[2026-05-22T10:59:20.856Z] [device 1] write state failed: ENOENT: no such file or directory, open '/home/cplh69c3835/public_html/way/node-service/sessions/_state/1.json'
[2026-05-22T10:59:20.917Z] [device 1] starting session pid=1134536 path=/home/cplh69c3835/public_html/way/node-service/sessions/1
[2026-05-22T10:59:21.453Z] [device 1] write state failed: ENOENT: no such file or directory, open '/home/cplh69c3835/public_html/way/node-service/sessions/_state/1.json'
[2026-05-22T10:59:21.453Z] [device 1] connection closed code=- pid=1134536
[2026-05-22T10:59:21.454Z] [device 1] write state failed: ENOENT: no such file or directory, open '/home/cplh69c3835/public_html/way/node-service/sessions/_state/1.json'
[2026-05-22T10:59:26.489Z] [device 1] write state failed: ENOENT: no such file or directory, open '/home/cplh69c3835/public_html/way/node-service/sessions/_state/1.json'
[2026-05-22T10:59:26.551Z] [device 1] starting session pid=1134536 path=/home/cplh69c3835/public_html/way/node-service/sessions/1
[2026-05-22T10:59:27.067Z] [device 1] write state failed: ENOENT: no such file or directory, open '/home/cplh69c3835/public_html/way/node-service/sessions/_state/1.json'
[2026-05-22T10:59:27.067Z] [device 1] connection closed code=- pid=1134536
[2026-05-22T10:59:27.067Z] [device 1] write state failed: ENOENT: no such file or directory, open '/home/cplh69c3835/public_html/way/node-service/sessions/_state/1.json'
[2026-05-22T10:59:33.183Z] WA Gateway Node service running on port 3001 pid=1267552
[2026-05-22T11:02:52.585Z] WA Gateway Node service running on port 3001 pid=1309238
[2026-05-22T11:03:06.595Z] WA Gateway Node service running on port 3001 pid=1313384
[2026-05-22T11:03:06.784Z] Using latest WhatsApp Web version 2.3000.1035194821
[2026-05-22T11:03:06.785Z] [device 1] starting session pid=1313384 path=/home/cplh69c3835/public_html/way/node-service/sessions/1
[2026-05-22T11:03:07.695Z] [device 1] QR generated pid=1313384
[2026-05-22T11:03:18.314Z] WA Gateway Node service running on port 3001 pid=1317994
[2026-05-22T11:04:24.948Z] WA Gateway Node service running on port 3001 pid=1336037
[2026-05-22T11:04:25.130Z] Using latest WhatsApp Web version 2.3000.1035194821
[2026-05-22T11:04:25.130Z] [device 3] starting session pid=1336037 path=/home/cplh69c3835/public_html/way/node-service/sessions/3
[2026-05-22T11:04:25.972Z] [device 3] QR generated pid=1336037
[2026-05-22T11:04:42.115Z] [device 3] connection closed code=515 message=Stream Errored (restart required) pid=1336037
[2026-05-22T11:06:36.673Z] Using latest WhatsApp Web version 2.3000.1035194821
[2026-05-22T11:06:36.673Z] [device 3] starting session pid=1336037 path=/home/cplh69c3835/public_html/way/node-service/sessions/3
[2026-05-22T11:06:39.455Z] [device 3] connection closed code=401 message=Connection Failure pid=1336037
[2026-05-22T11:06:41.005Z] Using latest WhatsApp Web version 2.3000.1035194821
[2026-05-22T11:06:41.005Z] [device 3] starting session pid=1336037 path=/home/cplh69c3835/public_html/way/node-service/sessions/3
[2026-05-22T11:06:44.493Z] [device 3] connection closed code=401 message=Connection Failure pid=1336037
[2026-05-22T11:06:54.413Z] Using latest WhatsApp Web version 2.3000.1035194821
[2026-05-22T11:06:54.413Z] [device 3] starting session pid=1336037 path=/home/cplh69c3835/public_html/way/node-service/sessions/3
[2026-05-22T11:06:59.715Z] [device 3] connection closed code=401 message=Connection Failure pid=1336037
[2026-05-22T11:07:56.266Z] Using latest WhatsApp Web version 2.3000.1035194821
[2026-05-22T11:07:56.266Z] [device 4] starting session pid=1336037 path=/home/cplh69c3835/public_html/way/node-service/sessions/4
[2026-05-22T11:07:57.081Z] [device 4] QR generated pid=1336037
[2026-05-22T11:08:14.009Z] [device 4] connection closed code=515 message=Stream Errored (restart required) pid=1336037
[2026-05-22T11:11:49.914Z] WA Gateway Node service running on port 3001 pid=1460503
[2026-05-22T11:13:15.806Z] WA Gateway Node service running on port 3001 pid=1480406
[2026-05-22T11:13:38.424Z] WA Gateway Node service running on port 3001 pid=1484817
[2026-05-22T11:18:16.936Z] WA Gateway Node service running on port 3001 pid=1538910
[2026-05-22T11:34:13.568Z] Using latest WhatsApp Web version 2.3000.1035194821
[2026-05-22T11:34:13.568Z] [device 5] starting session pid=1484817 path=/home/cplh69c3835/public_html/way/node-service/sessions/5
[2026-05-22T11:34:14.479Z] [device 5] QR generated pid=1484817
[2026-05-22T11:34:59.234Z] [device 5] connection closed code=515 message=Stream Errored (restart required) pid=1484817
[2026-05-22T11:43:50.112Z] WA Gateway Node service running on port 3001 pid=1819967
[2026-05-22T11:43:56.415Z] WA Gateway Node service running on port 3001 pid=1820191
[2026-05-22T11:44:08.754Z] WA Gateway Node service running on port 3001 pid=1823573
[2026-05-22T11:47:39.384Z] WA Gateway Node service running on port 3001 pid=1858910
[2026-05-22T11:47:49.575Z] WA Gateway Node service running on port 3001 pid=1859562
[2026-05-22T11:47:57.253Z] WA Gateway Node service running on port 3001 pid=1859856
[2026-05-22T11:48:11.446Z] WA Gateway Node service running on port 3001 pid=1864203
[2026-05-22T11:48:11.639Z] Using latest WhatsApp Web version 2.3000.1035194821
[2026-05-22T11:48:11.639Z] [device 6] starting session pid=1864203 path=/home/cplh69c3835/public_html/way/node-service/sessions/6
[2026-05-22T11:48:12.736Z] [device 6] QR generated pid=1864203
[2026-05-22T11:48:19.974Z] [device 6] connection closed code=515 message=Stream Errored (restart required) pid=1864203
[2026-05-22T11:48:25.074Z] Using latest WhatsApp Web version 2.3000.1035194821
[2026-05-22T11:48:25.074Z] [device 6] starting session pid=1864203 path=/home/cplh69c3835/public_html/way/node-service/sessions/6
[2026-05-22T11:48:26.948Z] [device 6] online as 6285789722751 pid=1864203
[2026-05-22T11:49:19.683Z] [device 6] send to jid=6281368876958@s.whatsapp.net phone=6281368876958 message=oiiiiiiiii

Dikirim melalui WA Gateway Free
[2026-05-22T11:49:20.293Z] [device 6] sent message_id=3EB079E324F4869AC9CB66 to=6281368876958@s.whatsapp.net
[2026-05-22T11:52:02.276Z] [device 6] send to jid=6281368876958@s.whatsapp.net phone=6281368876958 message=a

Dikirim melalui WA Gateway Free
[2026-05-22T11:52:02.557Z] [device 6] sent message_id=3EB0C5CDA0FE2C272E9099 to=6281368876958@s.whatsapp.net
[2026-05-22T11:52:53.218Z] [device 6] send to jid=6281368876958@s.whatsapp.net phone=6281368876958 message=a

Dikirim melalui WA Gateway Free
[2026-05-22T11:52:53.499Z] [device 6] sent message_id=3EB00627B266A375582530 to=6281368876958@s.whatsapp.net
[2026-05-22T11:56:27.712Z] [device 6] send to jid=6281368876958@s.whatsapp.net phone=6281368876958 message=hi

Dikirim melalui WA Gateway Free
[2026-05-22T11:56:27.987Z] [device 6] sent message_id=3EB0CCB4A3FE0EDC8F9228 to=6281368876958@s.whatsapp.net
[2026-05-22T11:57:44.242Z] [device 6] send to jid=6281368876958@s.whatsapp.net phone=6281368876958 message=hy
[2026-05-22T11:57:44.523Z] [device 6] sent message_id=3EB0B5AF27BECF7219A989 to=6281368876958@s.whatsapp.net
[2026-05-22T13:57:18.309Z] [device 6] connection closed code=428 message=Connection Terminated pid=1864203
[2026-05-22T13:57:18.311Z] [device 6] websocket close code=1006 reason=
[2026-05-22T13:57:23.457Z] Using latest WhatsApp Web version 2.3000.1035194821
[2026-05-22T13:57:23.457Z] [device 6] starting session pid=1864203 path=/home/cplh69c3835/public_html/way/node-service/sessions/6
[2026-05-22T13:57:24.701Z] [device 6] online as 6285789722751 pid=1864203
[2026-05-22T16:12:48.627Z] [device 6] incoming from 60199566318 remote=status@broadcast reply_jid=60199566318@s.whatsapp.net text=Bosan eyy nk kuar ase
[2026-05-22T16:18:54.990Z] [device 6] connection closed code=500 message=Stream Errored (ack) pid=1864203
[2026-05-22T16:19:00.169Z] Using latest WhatsApp Web version 2.3000.1035194821
[2026-05-22T16:19:00.169Z] [device 6] starting session pid=1864203 path=/home/cplh69c3835/public_html/way/node-service/sessions/6
[2026-05-22T16:19:01.404Z] [device 6] online as 6285789722751 pid=1864203
[2026-05-22T17:29:39.303Z] [device 6] connection closed code=500 message=Stream Errored (ack) pid=1864203
[2026-05-22T17:29:44.561Z] Using latest WhatsApp Web version 2.3000.1035194821
[2026-05-22T17:29:44.561Z] [device 6] starting session pid=1864203 path=/home/cplh69c3835/public_html/way/node-service/sessions/6
[2026-05-22T17:29:46.221Z] [device 6] online as 6285789722751 pid=1864203
[2026-05-22T18:23:27.214Z] [device 6] connection closed code=503 message=Stream Errored (unknown) pid=1864203
[2026-05-22T18:23:32.357Z] Using latest WhatsApp Web version 2.3000.1035194821
[2026-05-22T18:23:32.357Z] [device 6] starting session pid=1864203 path=/home/cplh69c3835/public_html/way/node-service/sessions/6
[2026-05-22T18:23:33.564Z] [device 6] online as 6285789722751 pid=1864203
[2026-05-22T18:28:53.270Z] [device 6] connection closed code=503 message=Stream Errored (unknown) pid=1864203
[2026-05-22T18:28:58.389Z] Using latest WhatsApp Web version 2.3000.1035194821
[2026-05-22T18:28:58.389Z] [device 6] starting session pid=1864203 path=/home/cplh69c3835/public_html/way/node-service/sessions/6
[2026-05-22T18:28:59.641Z] [device 6] online as 6285789722751 pid=1864203
[2026-05-22T18:53:35.839Z] [device 6] incoming from 6285747144240 remote=97925355040878@lid reply_jid=6285747144240@s.whatsapp.net text=Kirim apa ituu?
[2026-05-22T18:55:16.670Z] [device 6] incoming from 6285747144240 remote=97925355040878@lid reply_jid=6285747144240@s.whatsapp.net text=Kebangun guaa
[2026-05-22T18:59:43.826Z] [device 6] incoming from 6285747144240 remote=97925355040878@lid reply_jid=6285747144240@s.whatsapp.net text=Baru  melekk ini, gimanaa bisa tidur
[2026-05-22T19:00:29.606Z] [device 6] incoming from 6285747144240 remote=97925355040878@lid reply_jid=6285747144240@s.whatsapp.net text=Ngapain emang belum tidur? Main game lo?
[2026-05-22T19:01:59.846Z] [device 6] incoming from 6285747144240 remote=97925355040878@lid reply_jid=6285747144240@s.whatsapp.net text=Lanjutin main game lagi aja sampai pagi
[2026-05-22T19:05:20.445Z] [device 6] incoming from 6285747144240 remote=97925355040878@lid reply_jid=6285747144240@s.whatsapp.net text=Biar ngga nanggung kan ga usah tidur
[2026-05-22T19:07:45.450Z] [device 6] incoming from 6285747144240 remote=97925355040878@lid reply_jid=6285747144240@s.whatsapp.net text=Emang
[2026-05-22T19:10:20.907Z] [device 6] incoming from 6285747144240 remote=97925355040878@lid reply_jid=6285747144240@s.whatsapp.net text=iyaa boleh tapi cium kaki gua kalo bisa wkwk
[2026-05-22T19:11:32.797Z] [device 6] incoming from 6285747144240 remote=97925355040878@lid reply_jid=6285747144240@s.whatsapp.net text=
[2026-05-22T19:13:13.320Z] [device 6] incoming from 6285747144240 remote=97925355040878@lid reply_jid=6285747144240@s.whatsapp.net text=Lo yg gajelas masi melek jm segini buat ngegame doang
[2026-05-22T19:14:39.971Z] [device 6] incoming from 6285747144240 remote=97925355040878@lid reply_jid=6285747144240@s.whatsapp.net text=Lakuin aja asalkan bukan sama gua si
[2026-05-22T19:19:31.866Z] [device 6] incoming from 6285747144240 remote=97925355040878@lid reply_jid=6285747144240@s.whatsapp.net text=
[2026-05-22T19:22:42.379Z] [device 6] incoming from 6285747144240 remote=97925355040878@lid reply_jid=6285747144240@s.whatsapp.net text=lo pikir main game apa
[2026-05-22T19:23:29.712Z] [device 6] incoming from 6285747144240 remote=97925355040878@lid reply_jid=6285747144240@s.whatsapp.net text=Jam segini bales nya fast respon giliran pagi dan siang hilang entah kemana
[2026-05-22T19:23:39.818Z] [device 6] incoming from 6285747144240 remote=97925355040878@lid reply_jid=6285747144240@s.whatsapp.net text=Pasti gua jadiin shift malem yaa
[2026-05-22T19:25:28.388Z] [device 6] incoming from 6285747144240 remote=97925355040878@lid reply_jid=6285747144240@s.whatsapp.net text=Iyain deh
[2026-05-22T19:29:36.575Z] [device 6] incoming from 6285747144240 remote=97925355040878@lid reply_jid=6285747144240@s.whatsapp.net text=efek jm rawan njir gajelas lo tod
[2026-05-22T19:30:04.441Z] [device 6] incoming from 6285747144240 remote=97925355040878@lid reply_jid=6285747144240@s.whatsapp.net text=emang ga
[2026-05-22T19:30:42.460Z] [device 6] connection closed code=428 message=Connection Terminated pid=1864203
[2026-05-22T19:30:42.461Z] [device 6] websocket close code=1006 reason=
[2026-05-22T19:30:47.546Z] Using latest WhatsApp Web version 2.3000.1035194821
[2026-05-22T19:30:47.546Z] [device 6] starting session pid=1864203 path=/home/cplh69c3835/public_html/way/node-service/sessions/6
[2026-05-22T19:30:48.806Z] [device 6] online as 6285789722751 pid=1864203
[2026-05-22T19:32:39.466Z] [device 6] incoming from 6285747144240 remote=97925355040878@lid reply_jid=6285747144240@s.whatsapp.net text=
[2026-05-22T19:34:03.453Z] [device 6] incoming from 6285747144240 remote=97925355040878@lid reply_jid=6285747144240@s.whatsapp.net text=Gajelas bgt bgst ngerusak malam gua
[2026-05-22T19:36:31.681Z] [device 6] incoming from 6285747144240 remote=97925355040878@lid reply_jid=6285747144240@s.whatsapp.net text=Dih nyuruh gua siapa lo
[2026-05-22T19:37:49.695Z] [device 6] incoming from 6285747144240 remote=97925355040878@lid reply_jid=6285747144240@s.whatsapp.net text=Ituu namanya nyuruh njir
[2026-05-22T19:38:48.761Z] [device 6] incoming from 6285747144240 remote=97925355040878@lid reply_jid=6285747144240@s.whatsapp.net text=Ga mempan buat gua
[2026-05-22T19:40:46.209Z] [device 6] incoming from 6285747144240 remote=97925355040878@lid reply_jid=6285747144240@s.whatsapp.net text=Ngapain ih tlp
[2026-05-22T19:41:12.265Z] [device 6] incoming from 6285747144240 remote=97925355040878@lid reply_jid=6285747144240@s.whatsapp.net text=ntar aneh aneh lo tlp gua gamau
[2026-05-22T19:41:48.931Z] [device 6] incoming from 6285747144240 remote=97925355040878@lid reply_jid=6285747144240@s.whatsapp.net text=Ga percaya ah
[2026-05-22T19:42:14.339Z] [device 6] incoming from 6285747144240 remote=97925355040878@lid reply_jid=6285747144240@s.whatsapp.net text=Males bgt earphone gua rusak ege  ga bisa
[2026-05-22T19:43:13.151Z] [device 6] incoming from 6285747144240 remote=97925355040878@lid reply_jid=6285747144240@s.whatsapp.net text=mau ngomongin apa emng kalo call
[2026-05-22T19:44:19.909Z] [device 6] incoming from 6285747144240 remote=97925355040878@lid reply_jid=6285747144240@s.whatsapp.net text=Ga ah feeling gua ga enak kalo jm segini
[2026-05-22T19:46:30.566Z] [device 6] incoming from 6285747144240 remote=97925355040878@lid reply_jid=6285747144240@s.whatsapp.net text=Ngeselin bgt lo
[2026-05-22T19:46:39.308Z] [device 6] incoming from 6285747144240 remote=97925355040878@lid reply_jid=6285747144240@s.whatsapp.net text=Tidur ajaa sana
[2026-05-22T19:48:06.830Z] [device 6] incoming from 6285747144240 remote=97925355040878@lid reply_jid=6285747144240@s.whatsapp.net text=
[2026-05-22T19:48:42.362Z] [device 6] incoming from 6285747144240 remote=97925355040878@lid reply_jid=6285747144240@s.whatsapp.net text=
[2026-05-22T19:48:45.761Z] [device 6] connection closed code=428 message=Connection Terminated pid=1864203
[2026-05-22T19:48:45.762Z] [device 6] websocket close code=1006 reason=
[2026-05-22T19:48:50.839Z] Using latest WhatsApp Web version 2.3000.1035194821
[2026-05-22T19:48:50.839Z] [device 6] starting session pid=1864203 path=/home/cplh69c3835/public_html/way/node-service/sessions/6
[2026-05-22T19:48:52.990Z] [device 6] online as 6285789722751 pid=1864203
[2026-05-22T19:50:21.589Z] [device 6] incoming from 6285747144240 remote=97925355040878@lid reply_jid=6285747144240@s.whatsapp.net text=Gua blok nih ngerusak mood gua anj
[2026-05-22T19:50:40.790Z] [device 6] incoming from 6285747144240 remote=97925355040878@lid reply_jid=6285747144240@s.whatsapp.net text=Iya lo mulai duluan
[2026-05-22T19:51:22.560Z] [device 6] incoming from 6285747144240 remote=97925355040878@lid reply_jid=6285747144240@s.whatsapp.net text=Gua suka nya duit
[2026-05-22T19:52:19.716Z] [device 6] incoming from 6285747144240 remote=97925355040878@lid reply_jid=6285747144240@s.whatsapp.net text=ngapain tf gua gamau dri gua gitu njir
[2026-05-22T19:52:31.627Z] [device 6] incoming from 6285747144240 remote=97925355040878@lid reply_jid=6285747144240@s.whatsapp.net text=
[2026-05-22T19:53:01.446Z] [device 6] incoming from 6285747144240 remote=97925355040878@lid reply_jid=6285747144240@s.whatsapp.net text=ini tipu daya setan jangan percaya yagesya
[2026-05-22T19:53:46.715Z] [device 6] incoming from 6285747144240 remote=97925355040878@lid reply_jid=6285747144240@s.whatsapp.net text=Lo aja dri awal gitu mana bisa gua percaya cobaa
[2026-05-22T19:54:54.451Z] [device 6] incoming from 6285747144240 remote=97925355040878@lid reply_jid=6285747144240@s.whatsapp.net text=
[2026-05-22T19:55:46.604Z] [device 6] incoming from 6285747144240 remote=97925355040878@lid reply_jid=6285747144240@s.whatsapp.net text=Gamau
[2026-05-22T19:55:50.297Z] [device 6] incoming from 6285747144240 remote=97925355040878@lid reply_jid=6285747144240@s.whatsapp.net text=
[2026-05-22T19:56:45.397Z] [device 6] incoming from 6285747144240 remote=97925355040878@lid reply_jid=6285747144240@s.whatsapp.net text=mau tidur gua
[2026-05-22T19:59:15.434Z] [device 6] incoming from 6285747144240 remote=97925355040878@lid reply_jid=6285747144240@s.whatsapp.net text=Gua udh beneran ngantuk ini
[2026-05-22T20:00:12.519Z] [device 6] incoming from 6285747144240 remote=97925355040878@lid reply_jid=6285747144240@s.whatsapp.net text=Kan bisa di cht ajaa
[2026-05-22T20:01:03.253Z] [device 6] incoming from 6285747144240 remote=97925355040878@lid reply_jid=6285747144240@s.whatsapp.net text=Iyakann katanya ga ngobrol biasaa
[2026-05-22T20:01:12.777Z] [device 6] incoming from 6285747144240 remote=97925355040878@lid reply_jid=6285747144240@s.whatsapp.net text=Boong ya boong bgt
[2026-05-22T20:02:38.555Z] [device 6] incoming from 6285747144240 remote=97925355040878@lid reply_jid=6285747144240@s.whatsapp.net text=
[2026-05-22T20:03:12.751Z] [device 6] incoming from 6285747144240 remote=97925355040878@lid reply_jid=6285747144240@s.whatsapp.net text=Dih kasar bgt ngeselin lo
[2026-05-22T20:04:08.524Z] [device 6] incoming from 6285747144240 remote=97925355040878@lid reply_jid=6285747144240@s.whatsapp.net text=ga ush cht lagi ke gua
[2026-05-22T20:05:11.458Z] [device 6] incoming from 6285747144240 remote=97925355040878@lid reply_jid=6285747144240@s.whatsapp.net text=emang gua gamau cri yg lain aja buat nemenin lo
[2026-05-22T20:05:35.770Z] [device 6] incoming from 6285747144240 remote=97925355040878@lid reply_jid=6285747144240@s.whatsapp.net text=Kan gampang ditele tinggal lo kaya gitu
[2026-05-22T20:05:49.628Z] [device 6] incoming from 6285747144240 remote=97925355040878@lid reply_jid=6285747144240@s.whatsapp.net text=Banyak tuh yg setara sama lo yg gituan
[2026-05-22T20:38:13.522Z] [device 6] connection closed code=428 message=Connection Terminated pid=1864203
[2026-05-22T20:38:13.524Z] [device 6] websocket close code=1006 reason=
[2026-05-22T20:38:18.736Z] Using latest WhatsApp Web version 2.3000.1035194821
[2026-05-22T20:38:18.737Z] [device 6] starting session pid=1864203 path=/home/cplh69c3835/public_html/way/node-service/sessions/6
[2026-05-22T20:38:19.973Z] [device 6] online as 6285789722751 pid=1864203
[2026-05-23T05:19:20.771Z] [device 6] incoming from 60199566318 remote=status@broadcast reply_jid=60199566318@s.whatsapp.net text=
[2026-05-23T05:29:28.966Z] [device 6] incoming from 60199566318 remote=status@broadcast reply_jid=60199566318@s.whatsapp.net text=Happy birthday mama🥳🎂

(_LOVE YOU MAMA_)❤️
[2026-05-23T20:26:58.028Z] [device 6] incoming from 60199566318 remote=status@broadcast reply_jid=60199566318@s.whatsapp.net text=buwah tu ar kene jahit🤣


Cari nyakit🙂‍↔️
[2026-05-23T21:03:34.592Z] [device 6] incoming from 60199566318 remote=status@broadcast reply_jid=60199566318@s.whatsapp.net text=Masa nih baru kenal rumh🫠
[2026-05-23T21:05:09.928Z] [device 6] incoming from 60199566318 remote=status@broadcast reply_jid=60199566318@s.whatsapp.net text=Demm balik 🫠 saya x sembuh agi😃
